ARM GAS  /tmp/ccbWzNJY.s 			page 1


   1              		.cpu cortex-m4
   2              		.eabi_attribute 27, 1
   3              		.eabi_attribute 28, 1
   4              		.eabi_attribute 20, 1
   5              		.eabi_attribute 21, 1
   6              		.eabi_attribute 23, 3
   7              		.eabi_attribute 24, 1
   8              		.eabi_attribute 25, 1
   9              		.eabi_attribute 26, 1
  10              		.eabi_attribute 30, 1
  11              		.eabi_attribute 34, 1
  12              		.eabi_attribute 18, 4
  13              		.file	"stm32f4xx_hal_timebase_tim.c"
  14              		.text
  15              	.Ltext0:
  16              		.cfi_sections	.debug_frame
  17              		.section	.text.HAL_InitTick,"ax",%progbits
  18              		.align	1
  19              		.global	HAL_InitTick
  20              		.arch armv7e-m
  21              		.syntax unified
  22              		.thumb
  23              		.thumb_func
  24              		.fpu fpv4-sp-d16
  26              	HAL_InitTick:
  27              	.LVL0:
  28              	.LFB130:
  29              		.file 1 "Src/stm32f4xx_hal_timebase_tim.c"
   1:Src/stm32f4xx_hal_timebase_tim.c **** /* USER CODE BEGIN Header */
   2:Src/stm32f4xx_hal_timebase_tim.c **** /**
   3:Src/stm32f4xx_hal_timebase_tim.c ****   ******************************************************************************
   4:Src/stm32f4xx_hal_timebase_tim.c ****   * @file    stm32f4xx_hal_timebase_TIM.c 
   5:Src/stm32f4xx_hal_timebase_tim.c ****   * @brief   HAL time base based on the hardware TIM.
   6:Src/stm32f4xx_hal_timebase_tim.c ****   ******************************************************************************
   7:Src/stm32f4xx_hal_timebase_tim.c ****   * @attention
   8:Src/stm32f4xx_hal_timebase_tim.c ****   *
   9:Src/stm32f4xx_hal_timebase_tim.c ****   * <h2><center>&copy; Copyright (c) 2019 STMicroelectronics.
  10:Src/stm32f4xx_hal_timebase_tim.c ****   * All rights reserved.</center></h2>
  11:Src/stm32f4xx_hal_timebase_tim.c ****   *
  12:Src/stm32f4xx_hal_timebase_tim.c ****   * This software component is licensed by ST under Ultimate Liberty license
  13:Src/stm32f4xx_hal_timebase_tim.c ****   * SLA0044, the "License"; You may not use this file except in compliance with
  14:Src/stm32f4xx_hal_timebase_tim.c ****   * the License. You may obtain a copy of the License at:
  15:Src/stm32f4xx_hal_timebase_tim.c ****   *                             www.st.com/SLA0044
  16:Src/stm32f4xx_hal_timebase_tim.c ****   *
  17:Src/stm32f4xx_hal_timebase_tim.c ****   ******************************************************************************
  18:Src/stm32f4xx_hal_timebase_tim.c ****   */
  19:Src/stm32f4xx_hal_timebase_tim.c **** /* USER CODE END Header */
  20:Src/stm32f4xx_hal_timebase_tim.c **** 
  21:Src/stm32f4xx_hal_timebase_tim.c **** /* Includes ------------------------------------------------------------------*/
  22:Src/stm32f4xx_hal_timebase_tim.c **** #include "stm32f4xx_hal.h"
  23:Src/stm32f4xx_hal_timebase_tim.c **** #include "stm32f4xx_hal_tim.h"
  24:Src/stm32f4xx_hal_timebase_tim.c ****  
  25:Src/stm32f4xx_hal_timebase_tim.c **** /* Private typedef -----------------------------------------------------------*/
  26:Src/stm32f4xx_hal_timebase_tim.c **** /* Private define ------------------------------------------------------------*/
  27:Src/stm32f4xx_hal_timebase_tim.c **** /* Private macro -------------------------------------------------------------*/
  28:Src/stm32f4xx_hal_timebase_tim.c **** /* Private variables ---------------------------------------------------------*/
  29:Src/stm32f4xx_hal_timebase_tim.c **** TIM_HandleTypeDef        htim1; 
ARM GAS  /tmp/ccbWzNJY.s 			page 2


  30:Src/stm32f4xx_hal_timebase_tim.c **** /* Private function prototypes -----------------------------------------------*/
  31:Src/stm32f4xx_hal_timebase_tim.c **** /* Private functions ---------------------------------------------------------*/
  32:Src/stm32f4xx_hal_timebase_tim.c **** 
  33:Src/stm32f4xx_hal_timebase_tim.c **** /**
  34:Src/stm32f4xx_hal_timebase_tim.c ****   * @brief  This function configures the TIM1 as a time base source. 
  35:Src/stm32f4xx_hal_timebase_tim.c ****   *         The time source is configured  to have 1ms time base with a dedicated 
  36:Src/stm32f4xx_hal_timebase_tim.c ****   *         Tick interrupt priority. 
  37:Src/stm32f4xx_hal_timebase_tim.c ****   * @note   This function is called  automatically at the beginning of program after
  38:Src/stm32f4xx_hal_timebase_tim.c ****   *         reset by HAL_Init() or at any time when clock is configured, by HAL_RCC_ClockConfig(). 
  39:Src/stm32f4xx_hal_timebase_tim.c ****   * @param  TickPriority: Tick interrupt priority.
  40:Src/stm32f4xx_hal_timebase_tim.c ****   * @retval HAL status
  41:Src/stm32f4xx_hal_timebase_tim.c ****   */
  42:Src/stm32f4xx_hal_timebase_tim.c **** HAL_StatusTypeDef HAL_InitTick(uint32_t TickPriority)
  43:Src/stm32f4xx_hal_timebase_tim.c **** {
  30              		.loc 1 43 1 view -0
  31              		.cfi_startproc
  32              		@ args = 0, pretend = 0, frame = 32
  33              		@ frame_needed = 0, uses_anonymous_args = 0
  34              		.loc 1 43 1 is_stmt 0 view .LVU1
  35 0000 10B5     		push	{r4, lr}
  36              	.LCFI0:
  37              		.cfi_def_cfa_offset 8
  38              		.cfi_offset 4, -8
  39              		.cfi_offset 14, -4
  40 0002 88B0     		sub	sp, sp, #32
  41              	.LCFI1:
  42              		.cfi_def_cfa_offset 40
  43 0004 0146     		mov	r1, r0
  44:Src/stm32f4xx_hal_timebase_tim.c ****   RCC_ClkInitTypeDef    clkconfig;
  44              		.loc 1 44 3 is_stmt 1 view .LVU2
  45:Src/stm32f4xx_hal_timebase_tim.c ****   uint32_t              uwTimclock = 0;
  45              		.loc 1 45 3 view .LVU3
  46              	.LVL1:
  46:Src/stm32f4xx_hal_timebase_tim.c ****   uint32_t              uwPrescalerValue = 0;
  47              		.loc 1 46 3 view .LVU4
  47:Src/stm32f4xx_hal_timebase_tim.c ****   uint32_t              pFLatency;
  48              		.loc 1 47 3 view .LVU5
  48:Src/stm32f4xx_hal_timebase_tim.c ****   
  49:Src/stm32f4xx_hal_timebase_tim.c ****   /*Configure the TIM1 IRQ priority */
  50:Src/stm32f4xx_hal_timebase_tim.c ****   HAL_NVIC_SetPriority(TIM1_UP_TIM10_IRQn, TickPriority ,0); 
  49              		.loc 1 50 3 view .LVU6
  50 0006 0022     		movs	r2, #0
  51 0008 1920     		movs	r0, #25
  52              	.LVL2:
  53              		.loc 1 50 3 is_stmt 0 view .LVU7
  54 000a FFF7FEFF 		bl	HAL_NVIC_SetPriority
  55              	.LVL3:
  51:Src/stm32f4xx_hal_timebase_tim.c ****   
  52:Src/stm32f4xx_hal_timebase_tim.c ****   /* Enable the TIM1 global Interrupt */
  53:Src/stm32f4xx_hal_timebase_tim.c ****   HAL_NVIC_EnableIRQ(TIM1_UP_TIM10_IRQn); 
  56              		.loc 1 53 3 is_stmt 1 view .LVU8
  57 000e 1920     		movs	r0, #25
  58 0010 FFF7FEFF 		bl	HAL_NVIC_EnableIRQ
  59              	.LVL4:
  54:Src/stm32f4xx_hal_timebase_tim.c ****   
  55:Src/stm32f4xx_hal_timebase_tim.c ****   /* Enable TIM1 clock */
  56:Src/stm32f4xx_hal_timebase_tim.c ****   __HAL_RCC_TIM1_CLK_ENABLE();
ARM GAS  /tmp/ccbWzNJY.s 			page 3


  60              		.loc 1 56 3 view .LVU9
  61              	.LBB2:
  62              		.loc 1 56 3 view .LVU10
  63 0014 0024     		movs	r4, #0
  64 0016 0194     		str	r4, [sp, #4]
  65              		.loc 1 56 3 view .LVU11
  66 0018 134B     		ldr	r3, .L6
  67 001a 5A6C     		ldr	r2, [r3, #68]
  68 001c 42F00102 		orr	r2, r2, #1
  69 0020 5A64     		str	r2, [r3, #68]
  70              		.loc 1 56 3 view .LVU12
  71 0022 5B6C     		ldr	r3, [r3, #68]
  72 0024 03F00103 		and	r3, r3, #1
  73 0028 0193     		str	r3, [sp, #4]
  74              		.loc 1 56 3 view .LVU13
  75 002a 019B     		ldr	r3, [sp, #4]
  76              	.LBE2:
  57:Src/stm32f4xx_hal_timebase_tim.c ****   
  58:Src/stm32f4xx_hal_timebase_tim.c ****   /* Get clock configuration */
  59:Src/stm32f4xx_hal_timebase_tim.c ****   HAL_RCC_GetClockConfig(&clkconfig, &pFLatency);
  77              		.loc 1 59 3 view .LVU14
  78 002c 02A9     		add	r1, sp, #8
  79 002e 03A8     		add	r0, sp, #12
  80 0030 FFF7FEFF 		bl	HAL_RCC_GetClockConfig
  81              	.LVL5:
  60:Src/stm32f4xx_hal_timebase_tim.c ****   
  61:Src/stm32f4xx_hal_timebase_tim.c ****   /* Compute TIM1 clock */
  62:Src/stm32f4xx_hal_timebase_tim.c ****   uwTimclock = HAL_RCC_GetPCLK2Freq();
  82              		.loc 1 62 3 view .LVU15
  83              		.loc 1 62 16 is_stmt 0 view .LVU16
  84 0034 FFF7FEFF 		bl	HAL_RCC_GetPCLK2Freq
  85              	.LVL6:
  63:Src/stm32f4xx_hal_timebase_tim.c ****    
  64:Src/stm32f4xx_hal_timebase_tim.c ****   /* Compute the prescaler value to have TIM1 counter clock equal to 1MHz */
  65:Src/stm32f4xx_hal_timebase_tim.c ****   uwPrescalerValue = (uint32_t) ((uwTimclock / 1000000) - 1);
  86              		.loc 1 65 3 is_stmt 1 view .LVU17
  87              		.loc 1 65 46 is_stmt 0 view .LVU18
  88 0038 0C4B     		ldr	r3, .L6+4
  89 003a A3FB0023 		umull	r2, r3, r3, r0
  90 003e 9B0C     		lsrs	r3, r3, #18
  91              		.loc 1 65 20 view .LVU19
  92 0040 013B     		subs	r3, r3, #1
  93              	.LVL7:
  66:Src/stm32f4xx_hal_timebase_tim.c ****   
  67:Src/stm32f4xx_hal_timebase_tim.c ****   /* Initialize TIM1 */
  68:Src/stm32f4xx_hal_timebase_tim.c ****   htim1.Instance = TIM1;
  94              		.loc 1 68 3 is_stmt 1 view .LVU20
  95              		.loc 1 68 18 is_stmt 0 view .LVU21
  96 0042 0B48     		ldr	r0, .L6+8
  97              	.LVL8:
  98              		.loc 1 68 18 view .LVU22
  99 0044 0B4A     		ldr	r2, .L6+12
 100 0046 0260     		str	r2, [r0]
  69:Src/stm32f4xx_hal_timebase_tim.c ****   
  70:Src/stm32f4xx_hal_timebase_tim.c ****   /* Initialize TIMx peripheral as follow:
  71:Src/stm32f4xx_hal_timebase_tim.c ****   + Period = [(TIM1CLK/1000) - 1]. to have a (1/1000) s time base.
  72:Src/stm32f4xx_hal_timebase_tim.c ****   + Prescaler = (uwTimclock/1000000 - 1) to have a 1MHz counter clock.
ARM GAS  /tmp/ccbWzNJY.s 			page 4


  73:Src/stm32f4xx_hal_timebase_tim.c ****   + ClockDivision = 0
  74:Src/stm32f4xx_hal_timebase_tim.c ****   + Counter direction = Up
  75:Src/stm32f4xx_hal_timebase_tim.c ****   */
  76:Src/stm32f4xx_hal_timebase_tim.c ****   htim1.Init.Period = (1000000 / 1000) - 1;
 101              		.loc 1 76 3 is_stmt 1 view .LVU23
 102              		.loc 1 76 21 is_stmt 0 view .LVU24
 103 0048 40F2E732 		movw	r2, #999
 104 004c C260     		str	r2, [r0, #12]
  77:Src/stm32f4xx_hal_timebase_tim.c ****   htim1.Init.Prescaler = uwPrescalerValue;
 105              		.loc 1 77 3 is_stmt 1 view .LVU25
 106              		.loc 1 77 24 is_stmt 0 view .LVU26
 107 004e 4360     		str	r3, [r0, #4]
  78:Src/stm32f4xx_hal_timebase_tim.c ****   htim1.Init.ClockDivision = 0;
 108              		.loc 1 78 3 is_stmt 1 view .LVU27
 109              		.loc 1 78 28 is_stmt 0 view .LVU28
 110 0050 0461     		str	r4, [r0, #16]
  79:Src/stm32f4xx_hal_timebase_tim.c ****   htim1.Init.CounterMode = TIM_COUNTERMODE_UP;
 111              		.loc 1 79 3 is_stmt 1 view .LVU29
 112              		.loc 1 79 26 is_stmt 0 view .LVU30
 113 0052 8460     		str	r4, [r0, #8]
  80:Src/stm32f4xx_hal_timebase_tim.c ****   if(HAL_TIM_Base_Init(&htim1) == HAL_OK)
 114              		.loc 1 80 3 is_stmt 1 view .LVU31
 115              		.loc 1 80 6 is_stmt 0 view .LVU32
 116 0054 FFF7FEFF 		bl	HAL_TIM_Base_Init
 117              	.LVL9:
 118              		.loc 1 80 5 view .LVU33
 119 0058 10B1     		cbz	r0, .L5
  81:Src/stm32f4xx_hal_timebase_tim.c ****   {
  82:Src/stm32f4xx_hal_timebase_tim.c ****     /* Start the TIM time Base generation in interrupt mode */
  83:Src/stm32f4xx_hal_timebase_tim.c ****     return HAL_TIM_Base_Start_IT(&htim1);
  84:Src/stm32f4xx_hal_timebase_tim.c ****   }
  85:Src/stm32f4xx_hal_timebase_tim.c ****   
  86:Src/stm32f4xx_hal_timebase_tim.c ****   /* Return function status */
  87:Src/stm32f4xx_hal_timebase_tim.c ****   return HAL_ERROR;
 120              		.loc 1 87 10 view .LVU34
 121 005a 0120     		movs	r0, #1
 122              	.L2:
  88:Src/stm32f4xx_hal_timebase_tim.c **** }
 123              		.loc 1 88 1 view .LVU35
 124 005c 08B0     		add	sp, sp, #32
 125              	.LCFI2:
 126              		.cfi_remember_state
 127              		.cfi_def_cfa_offset 8
 128              		@ sp needed
 129 005e 10BD     		pop	{r4, pc}
 130              	.L5:
 131              	.LCFI3:
 132              		.cfi_restore_state
  83:Src/stm32f4xx_hal_timebase_tim.c ****   }
 133              		.loc 1 83 5 is_stmt 1 view .LVU36
  83:Src/stm32f4xx_hal_timebase_tim.c ****   }
 134              		.loc 1 83 12 is_stmt 0 view .LVU37
 135 0060 0348     		ldr	r0, .L6+8
 136 0062 FFF7FEFF 		bl	HAL_TIM_Base_Start_IT
 137              	.LVL10:
 138 0066 F9E7     		b	.L2
 139              	.L7:
ARM GAS  /tmp/ccbWzNJY.s 			page 5


 140              		.align	2
 141              	.L6:
 142 0068 00380240 		.word	1073887232
 143 006c 83DE1B43 		.word	1125899907
 144 0070 00000000 		.word	htim1
 145 0074 00000140 		.word	1073807360
 146              		.cfi_endproc
 147              	.LFE130:
 149              		.section	.text.HAL_SuspendTick,"ax",%progbits
 150              		.align	1
 151              		.global	HAL_SuspendTick
 152              		.syntax unified
 153              		.thumb
 154              		.thumb_func
 155              		.fpu fpv4-sp-d16
 157              	HAL_SuspendTick:
 158              	.LFB131:
  89:Src/stm32f4xx_hal_timebase_tim.c **** 
  90:Src/stm32f4xx_hal_timebase_tim.c **** /**
  91:Src/stm32f4xx_hal_timebase_tim.c ****   * @brief  Suspend Tick increment.
  92:Src/stm32f4xx_hal_timebase_tim.c ****   * @note   Disable the tick increment by disabling TIM1 update interrupt.
  93:Src/stm32f4xx_hal_timebase_tim.c ****   * @param  None
  94:Src/stm32f4xx_hal_timebase_tim.c ****   * @retval None
  95:Src/stm32f4xx_hal_timebase_tim.c ****   */
  96:Src/stm32f4xx_hal_timebase_tim.c **** void HAL_SuspendTick(void)
  97:Src/stm32f4xx_hal_timebase_tim.c **** {
 159              		.loc 1 97 1 is_stmt 1 view -0
 160              		.cfi_startproc
 161              		@ args = 0, pretend = 0, frame = 0
 162              		@ frame_needed = 0, uses_anonymous_args = 0
 163              		@ link register save eliminated.
  98:Src/stm32f4xx_hal_timebase_tim.c ****   /* Disable TIM1 update Interrupt */
  99:Src/stm32f4xx_hal_timebase_tim.c ****   __HAL_TIM_DISABLE_IT(&htim1, TIM_IT_UPDATE);                                                  
 164              		.loc 1 99 3 view .LVU39
 165 0000 034B     		ldr	r3, .L9
 166 0002 1A68     		ldr	r2, [r3]
 167 0004 D368     		ldr	r3, [r2, #12]
 168 0006 23F00103 		bic	r3, r3, #1
 169 000a D360     		str	r3, [r2, #12]
 100:Src/stm32f4xx_hal_timebase_tim.c **** }
 170              		.loc 1 100 1 is_stmt 0 view .LVU40
 171 000c 7047     		bx	lr
 172              	.L10:
 173 000e 00BF     		.align	2
 174              	.L9:
 175 0010 00000000 		.word	htim1
 176              		.cfi_endproc
 177              	.LFE131:
 179              		.section	.text.HAL_ResumeTick,"ax",%progbits
 180              		.align	1
 181              		.global	HAL_ResumeTick
 182              		.syntax unified
 183              		.thumb
 184              		.thumb_func
 185              		.fpu fpv4-sp-d16
 187              	HAL_ResumeTick:
 188              	.LFB132:
ARM GAS  /tmp/ccbWzNJY.s 			page 6


 101:Src/stm32f4xx_hal_timebase_tim.c **** 
 102:Src/stm32f4xx_hal_timebase_tim.c **** /**
 103:Src/stm32f4xx_hal_timebase_tim.c ****   * @brief  Resume Tick increment.
 104:Src/stm32f4xx_hal_timebase_tim.c ****   * @note   Enable the tick increment by Enabling TIM1 update interrupt.
 105:Src/stm32f4xx_hal_timebase_tim.c ****   * @param  None
 106:Src/stm32f4xx_hal_timebase_tim.c ****   * @retval None
 107:Src/stm32f4xx_hal_timebase_tim.c ****   */
 108:Src/stm32f4xx_hal_timebase_tim.c **** void HAL_ResumeTick(void)
 109:Src/stm32f4xx_hal_timebase_tim.c **** {
 189              		.loc 1 109 1 is_stmt 1 view -0
 190              		.cfi_startproc
 191              		@ args = 0, pretend = 0, frame = 0
 192              		@ frame_needed = 0, uses_anonymous_args = 0
 193              		@ link register save eliminated.
 110:Src/stm32f4xx_hal_timebase_tim.c ****   /* Enable TIM1 Update interrupt */
 111:Src/stm32f4xx_hal_timebase_tim.c ****   __HAL_TIM_ENABLE_IT(&htim1, TIM_IT_UPDATE);
 194              		.loc 1 111 3 view .LVU42
 195 0000 034B     		ldr	r3, .L12
 196 0002 1A68     		ldr	r2, [r3]
 197 0004 D368     		ldr	r3, [r2, #12]
 198 0006 43F00103 		orr	r3, r3, #1
 199 000a D360     		str	r3, [r2, #12]
 112:Src/stm32f4xx_hal_timebase_tim.c **** }
 200              		.loc 1 112 1 is_stmt 0 view .LVU43
 201 000c 7047     		bx	lr
 202              	.L13:
 203 000e 00BF     		.align	2
 204              	.L12:
 205 0010 00000000 		.word	htim1
 206              		.cfi_endproc
 207              	.LFE132:
 209              		.comm	htim1,64,4
 210              		.text
 211              	.Letext0:
 212              		.file 2 "/usr/arm-none-eabi/include/machine/_default_types.h"
 213              		.file 3 "/usr/arm-none-eabi/include/sys/_stdint.h"
 214              		.file 4 "Drivers/CMSIS/Include/core_cm4.h"
 215              		.file 5 "Drivers/CMSIS/Device/ST/STM32F4xx/Include/system_stm32f4xx.h"
 216              		.file 6 "Drivers/CMSIS/Device/ST/STM32F4xx/Include/stm32f411xe.h"
 217              		.file 7 "Drivers/STM32F4xx_HAL_Driver/Inc/stm32f4xx_hal_def.h"
 218              		.file 8 "Drivers/STM32F4xx_HAL_Driver/Inc/stm32f4xx_hal_rcc.h"
 219              		.file 9 "Drivers/STM32F4xx_HAL_Driver/Inc/stm32f4xx_hal_dma.h"
 220              		.file 10 "Drivers/STM32F4xx_HAL_Driver/Inc/stm32f4xx_hal_tim.h"
 221              		.file 11 "Drivers/STM32F4xx_HAL_Driver/Inc/stm32f4xx_hal_cortex.h"
ARM GAS  /tmp/ccbWzNJY.s 			page 7


DEFINED SYMBOLS
                            *ABS*:0000000000000000 stm32f4xx_hal_timebase_tim.c
     /tmp/ccbWzNJY.s:18     .text.HAL_InitTick:0000000000000000 $t
     /tmp/ccbWzNJY.s:26     .text.HAL_InitTick:0000000000000000 HAL_InitTick
     /tmp/ccbWzNJY.s:142    .text.HAL_InitTick:0000000000000068 $d
                            *COM*:0000000000000040 htim1
     /tmp/ccbWzNJY.s:150    .text.HAL_SuspendTick:0000000000000000 $t
     /tmp/ccbWzNJY.s:157    .text.HAL_SuspendTick:0000000000000000 HAL_SuspendTick
     /tmp/ccbWzNJY.s:175    .text.HAL_SuspendTick:0000000000000010 $d
     /tmp/ccbWzNJY.s:180    .text.HAL_ResumeTick:0000000000000000 $t
     /tmp/ccbWzNJY.s:187    .text.HAL_ResumeTick:0000000000000000 HAL_ResumeTick
     /tmp/ccbWzNJY.s:205    .text.HAL_ResumeTick:0000000000000010 $d

UNDEFINED SYMBOLS
HAL_NVIC_SetPriority
HAL_NVIC_EnableIRQ
HAL_RCC_GetClockConfig
HAL_RCC_GetPCLK2Freq
HAL_TIM_Base_Init
HAL_TIM_Base_Start_IT
