ARM GAS  /tmp/cc0h3PZQ.s 			page 1


   1              		.cpu cortex-m4
   2              		.eabi_attribute 27, 1
   3              		.eabi_attribute 28, 1
   4              		.eabi_attribute 20, 1
   5              		.eabi_attribute 21, 1
   6              		.eabi_attribute 23, 3
   7              		.eabi_attribute 24, 1
   8              		.eabi_attribute 25, 1
   9              		.eabi_attribute 26, 1
  10              		.eabi_attribute 30, 1
  11              		.eabi_attribute 34, 1
  12              		.eabi_attribute 18, 4
  13              		.file	"stm32f4xx_hal_msp.c"
  14              		.text
  15              	.Ltext0:
  16              		.cfi_sections	.debug_frame
  17              		.section	.text.HAL_MspInit,"ax",%progbits
  18              		.align	1
  19              		.global	HAL_MspInit
  20              		.arch armv7e-m
  21              		.syntax unified
  22              		.thumb
  23              		.thumb_func
  24              		.fpu fpv4-sp-d16
  26              	HAL_MspInit:
  27              	.LFB130:
  28              		.file 1 "Src/stm32f4xx_hal_msp.c"
   1:Src/stm32f4xx_hal_msp.c **** /* USER CODE BEGIN Header */
   2:Src/stm32f4xx_hal_msp.c **** /**
   3:Src/stm32f4xx_hal_msp.c ****   ******************************************************************************
   4:Src/stm32f4xx_hal_msp.c ****   * File Name          : stm32f4xx_hal_msp.c
   5:Src/stm32f4xx_hal_msp.c ****   * Description        : This file provides code for the MSP Initialization 
   6:Src/stm32f4xx_hal_msp.c ****   *                      and de-Initialization codes.
   7:Src/stm32f4xx_hal_msp.c ****   ******************************************************************************
   8:Src/stm32f4xx_hal_msp.c ****   * @attention
   9:Src/stm32f4xx_hal_msp.c ****   *
  10:Src/stm32f4xx_hal_msp.c ****   * <h2><center>&copy; Copyright (c) 2019 STMicroelectronics.
  11:Src/stm32f4xx_hal_msp.c ****   * All rights reserved.</center></h2>
  12:Src/stm32f4xx_hal_msp.c ****   *
  13:Src/stm32f4xx_hal_msp.c ****   * This software component is licensed by ST under Ultimate Liberty license
  14:Src/stm32f4xx_hal_msp.c ****   * SLA0044, the "License"; You may not use this file except in compliance with
  15:Src/stm32f4xx_hal_msp.c ****   * the License. You may obtain a copy of the License at:
  16:Src/stm32f4xx_hal_msp.c ****   *                             www.st.com/SLA0044
  17:Src/stm32f4xx_hal_msp.c ****   *
  18:Src/stm32f4xx_hal_msp.c ****   ******************************************************************************
  19:Src/stm32f4xx_hal_msp.c ****   */
  20:Src/stm32f4xx_hal_msp.c **** /* USER CODE END Header */
  21:Src/stm32f4xx_hal_msp.c **** 
  22:Src/stm32f4xx_hal_msp.c **** /* Includes ------------------------------------------------------------------*/
  23:Src/stm32f4xx_hal_msp.c **** #include "main.h"
  24:Src/stm32f4xx_hal_msp.c **** /* USER CODE BEGIN Includes */
  25:Src/stm32f4xx_hal_msp.c **** 
  26:Src/stm32f4xx_hal_msp.c **** /* USER CODE END Includes */
  27:Src/stm32f4xx_hal_msp.c **** extern DMA_HandleTypeDef hdma_tim3_ch4_up;
  28:Src/stm32f4xx_hal_msp.c **** 
  29:Src/stm32f4xx_hal_msp.c **** /* Private typedef -----------------------------------------------------------*/
  30:Src/stm32f4xx_hal_msp.c **** /* USER CODE BEGIN TD */
ARM GAS  /tmp/cc0h3PZQ.s 			page 2


  31:Src/stm32f4xx_hal_msp.c **** 
  32:Src/stm32f4xx_hal_msp.c **** /* USER CODE END TD */
  33:Src/stm32f4xx_hal_msp.c **** 
  34:Src/stm32f4xx_hal_msp.c **** /* Private define ------------------------------------------------------------*/
  35:Src/stm32f4xx_hal_msp.c **** /* USER CODE BEGIN Define */
  36:Src/stm32f4xx_hal_msp.c ****  
  37:Src/stm32f4xx_hal_msp.c **** /* USER CODE END Define */
  38:Src/stm32f4xx_hal_msp.c **** 
  39:Src/stm32f4xx_hal_msp.c **** /* Private macro -------------------------------------------------------------*/
  40:Src/stm32f4xx_hal_msp.c **** /* USER CODE BEGIN Macro */
  41:Src/stm32f4xx_hal_msp.c **** 
  42:Src/stm32f4xx_hal_msp.c **** /* USER CODE END Macro */
  43:Src/stm32f4xx_hal_msp.c **** 
  44:Src/stm32f4xx_hal_msp.c **** /* Private variables ---------------------------------------------------------*/
  45:Src/stm32f4xx_hal_msp.c **** /* USER CODE BEGIN PV */
  46:Src/stm32f4xx_hal_msp.c **** 
  47:Src/stm32f4xx_hal_msp.c **** /* USER CODE END PV */
  48:Src/stm32f4xx_hal_msp.c **** 
  49:Src/stm32f4xx_hal_msp.c **** /* Private function prototypes -----------------------------------------------*/
  50:Src/stm32f4xx_hal_msp.c **** /* USER CODE BEGIN PFP */
  51:Src/stm32f4xx_hal_msp.c **** 
  52:Src/stm32f4xx_hal_msp.c **** /* USER CODE END PFP */
  53:Src/stm32f4xx_hal_msp.c **** 
  54:Src/stm32f4xx_hal_msp.c **** /* External functions --------------------------------------------------------*/
  55:Src/stm32f4xx_hal_msp.c **** /* USER CODE BEGIN ExternalFunctions */
  56:Src/stm32f4xx_hal_msp.c **** 
  57:Src/stm32f4xx_hal_msp.c **** /* USER CODE END ExternalFunctions */
  58:Src/stm32f4xx_hal_msp.c **** 
  59:Src/stm32f4xx_hal_msp.c **** /* USER CODE BEGIN 0 */
  60:Src/stm32f4xx_hal_msp.c **** 
  61:Src/stm32f4xx_hal_msp.c **** /* USER CODE END 0 */
  62:Src/stm32f4xx_hal_msp.c ****                         
  63:Src/stm32f4xx_hal_msp.c **** void HAL_TIM_MspPostInit(TIM_HandleTypeDef *htim);
  64:Src/stm32f4xx_hal_msp.c ****                     /**
  65:Src/stm32f4xx_hal_msp.c ****   * Initializes the Global MSP.
  66:Src/stm32f4xx_hal_msp.c ****   */
  67:Src/stm32f4xx_hal_msp.c **** void HAL_MspInit(void)
  68:Src/stm32f4xx_hal_msp.c **** {
  29              		.loc 1 68 1 view -0
  30              		.cfi_startproc
  31              		@ args = 0, pretend = 0, frame = 8
  32              		@ frame_needed = 0, uses_anonymous_args = 0
  33 0000 00B5     		push	{lr}
  34              	.LCFI0:
  35              		.cfi_def_cfa_offset 4
  36              		.cfi_offset 14, -4
  37 0002 83B0     		sub	sp, sp, #12
  38              	.LCFI1:
  39              		.cfi_def_cfa_offset 16
  69:Src/stm32f4xx_hal_msp.c ****   /* USER CODE BEGIN MspInit 0 */
  70:Src/stm32f4xx_hal_msp.c **** 
  71:Src/stm32f4xx_hal_msp.c ****   /* USER CODE END MspInit 0 */
  72:Src/stm32f4xx_hal_msp.c **** 
  73:Src/stm32f4xx_hal_msp.c ****   __HAL_RCC_SYSCFG_CLK_ENABLE();
  40              		.loc 1 73 3 view .LVU1
  41              	.LBB2:
  42              		.loc 1 73 3 view .LVU2
ARM GAS  /tmp/cc0h3PZQ.s 			page 3


  43 0004 0022     		movs	r2, #0
  44 0006 0092     		str	r2, [sp]
  45              		.loc 1 73 3 view .LVU3
  46 0008 0D4B     		ldr	r3, .L3
  47 000a 596C     		ldr	r1, [r3, #68]
  48 000c 41F48041 		orr	r1, r1, #16384
  49 0010 5964     		str	r1, [r3, #68]
  50              		.loc 1 73 3 view .LVU4
  51 0012 596C     		ldr	r1, [r3, #68]
  52 0014 01F48041 		and	r1, r1, #16384
  53 0018 0091     		str	r1, [sp]
  54              		.loc 1 73 3 view .LVU5
  55 001a 0099     		ldr	r1, [sp]
  56              	.LBE2:
  74:Src/stm32f4xx_hal_msp.c ****   __HAL_RCC_PWR_CLK_ENABLE();
  57              		.loc 1 74 3 view .LVU6
  58              	.LBB3:
  59              		.loc 1 74 3 view .LVU7
  60 001c 0192     		str	r2, [sp, #4]
  61              		.loc 1 74 3 view .LVU8
  62 001e 196C     		ldr	r1, [r3, #64]
  63 0020 41F08051 		orr	r1, r1, #268435456
  64 0024 1964     		str	r1, [r3, #64]
  65              		.loc 1 74 3 view .LVU9
  66 0026 1B6C     		ldr	r3, [r3, #64]
  67 0028 03F08053 		and	r3, r3, #268435456
  68 002c 0193     		str	r3, [sp, #4]
  69              		.loc 1 74 3 view .LVU10
  70 002e 019B     		ldr	r3, [sp, #4]
  71              	.LBE3:
  75:Src/stm32f4xx_hal_msp.c **** 
  76:Src/stm32f4xx_hal_msp.c ****   /* System interrupt init*/
  77:Src/stm32f4xx_hal_msp.c ****   /* PendSV_IRQn interrupt configuration */
  78:Src/stm32f4xx_hal_msp.c ****   HAL_NVIC_SetPriority(PendSV_IRQn, 15, 0);
  72              		.loc 1 78 3 view .LVU11
  73 0030 0F21     		movs	r1, #15
  74 0032 6FF00100 		mvn	r0, #1
  75 0036 FFF7FEFF 		bl	HAL_NVIC_SetPriority
  76              	.LVL0:
  79:Src/stm32f4xx_hal_msp.c **** 
  80:Src/stm32f4xx_hal_msp.c ****   /* USER CODE BEGIN MspInit 1 */
  81:Src/stm32f4xx_hal_msp.c **** 
  82:Src/stm32f4xx_hal_msp.c ****   /* USER CODE END MspInit 1 */
  83:Src/stm32f4xx_hal_msp.c **** }
  77              		.loc 1 83 1 is_stmt 0 view .LVU12
  78 003a 03B0     		add	sp, sp, #12
  79              	.LCFI2:
  80              		.cfi_def_cfa_offset 4
  81              		@ sp needed
  82 003c 5DF804FB 		ldr	pc, [sp], #4
  83              	.L4:
  84              		.align	2
  85              	.L3:
  86 0040 00380240 		.word	1073887232
  87              		.cfi_endproc
  88              	.LFE130:
  90              		.section	.text.HAL_ADC_MspInit,"ax",%progbits
ARM GAS  /tmp/cc0h3PZQ.s 			page 4


  91              		.align	1
  92              		.global	HAL_ADC_MspInit
  93              		.syntax unified
  94              		.thumb
  95              		.thumb_func
  96              		.fpu fpv4-sp-d16
  98              	HAL_ADC_MspInit:
  99              	.LVL1:
 100              	.LFB131:
  84:Src/stm32f4xx_hal_msp.c **** 
  85:Src/stm32f4xx_hal_msp.c **** /**
  86:Src/stm32f4xx_hal_msp.c **** * @brief ADC MSP Initialization
  87:Src/stm32f4xx_hal_msp.c **** * This function configures the hardware resources used in this example
  88:Src/stm32f4xx_hal_msp.c **** * @param hadc: ADC handle pointer
  89:Src/stm32f4xx_hal_msp.c **** * @retval None
  90:Src/stm32f4xx_hal_msp.c **** */
  91:Src/stm32f4xx_hal_msp.c **** void HAL_ADC_MspInit(ADC_HandleTypeDef* hadc)
  92:Src/stm32f4xx_hal_msp.c **** {
 101              		.loc 1 92 1 is_stmt 1 view -0
 102              		.cfi_startproc
 103              		@ args = 0, pretend = 0, frame = 32
 104              		@ frame_needed = 0, uses_anonymous_args = 0
 105              		.loc 1 92 1 is_stmt 0 view .LVU14
 106 0000 00B5     		push	{lr}
 107              	.LCFI3:
 108              		.cfi_def_cfa_offset 4
 109              		.cfi_offset 14, -4
 110 0002 89B0     		sub	sp, sp, #36
 111              	.LCFI4:
 112              		.cfi_def_cfa_offset 40
  93:Src/stm32f4xx_hal_msp.c ****   GPIO_InitTypeDef GPIO_InitStruct = {0};
 113              		.loc 1 93 3 is_stmt 1 view .LVU15
 114              		.loc 1 93 20 is_stmt 0 view .LVU16
 115 0004 0023     		movs	r3, #0
 116 0006 0393     		str	r3, [sp, #12]
 117 0008 0493     		str	r3, [sp, #16]
 118 000a 0593     		str	r3, [sp, #20]
 119 000c 0693     		str	r3, [sp, #24]
 120 000e 0793     		str	r3, [sp, #28]
  94:Src/stm32f4xx_hal_msp.c ****   if(hadc->Instance==ADC1)
 121              		.loc 1 94 3 is_stmt 1 view .LVU17
 122              		.loc 1 94 10 is_stmt 0 view .LVU18
 123 0010 0268     		ldr	r2, [r0]
 124              		.loc 1 94 5 view .LVU19
 125 0012 03F18043 		add	r3, r3, #1073741824
 126 0016 03F59033 		add	r3, r3, #73728
 127 001a 9A42     		cmp	r2, r3
 128 001c 02D0     		beq	.L8
 129              	.LVL2:
 130              	.L5:
  95:Src/stm32f4xx_hal_msp.c ****   {
  96:Src/stm32f4xx_hal_msp.c ****   /* USER CODE BEGIN ADC1_MspInit 0 */
  97:Src/stm32f4xx_hal_msp.c **** 
  98:Src/stm32f4xx_hal_msp.c ****   /* USER CODE END ADC1_MspInit 0 */
  99:Src/stm32f4xx_hal_msp.c ****     /* Peripheral clock enable */
 100:Src/stm32f4xx_hal_msp.c ****     __HAL_RCC_ADC1_CLK_ENABLE();
 101:Src/stm32f4xx_hal_msp.c ****   
ARM GAS  /tmp/cc0h3PZQ.s 			page 5


 102:Src/stm32f4xx_hal_msp.c ****     __HAL_RCC_GPIOA_CLK_ENABLE();
 103:Src/stm32f4xx_hal_msp.c ****     /**ADC1 GPIO Configuration    
 104:Src/stm32f4xx_hal_msp.c ****     PA0-WKUP     ------> ADC1_IN0
 105:Src/stm32f4xx_hal_msp.c ****     PA1     ------> ADC1_IN1
 106:Src/stm32f4xx_hal_msp.c ****     PA2     ------> ADC1_IN2
 107:Src/stm32f4xx_hal_msp.c ****     PA3     ------> ADC1_IN3 
 108:Src/stm32f4xx_hal_msp.c ****     */
 109:Src/stm32f4xx_hal_msp.c ****     GPIO_InitStruct.Pin = GPIO_PIN_0|GPIO_PIN_1|GPIO_PIN_2|GPIO_PIN_3;
 110:Src/stm32f4xx_hal_msp.c ****     GPIO_InitStruct.Mode = GPIO_MODE_ANALOG;
 111:Src/stm32f4xx_hal_msp.c ****     GPIO_InitStruct.Pull = GPIO_NOPULL;
 112:Src/stm32f4xx_hal_msp.c ****     HAL_GPIO_Init(GPIOA, &GPIO_InitStruct);
 113:Src/stm32f4xx_hal_msp.c **** 
 114:Src/stm32f4xx_hal_msp.c ****   /* USER CODE BEGIN ADC1_MspInit 1 */
 115:Src/stm32f4xx_hal_msp.c **** 
 116:Src/stm32f4xx_hal_msp.c ****   /* USER CODE END ADC1_MspInit 1 */
 117:Src/stm32f4xx_hal_msp.c ****   }
 118:Src/stm32f4xx_hal_msp.c **** 
 119:Src/stm32f4xx_hal_msp.c **** }
 131              		.loc 1 119 1 view .LVU20
 132 001e 09B0     		add	sp, sp, #36
 133              	.LCFI5:
 134              		.cfi_remember_state
 135              		.cfi_def_cfa_offset 4
 136              		@ sp needed
 137 0020 5DF804FB 		ldr	pc, [sp], #4
 138              	.LVL3:
 139              	.L8:
 140              	.LCFI6:
 141              		.cfi_restore_state
 100:Src/stm32f4xx_hal_msp.c ****   
 142              		.loc 1 100 5 is_stmt 1 view .LVU21
 143              	.LBB4:
 100:Src/stm32f4xx_hal_msp.c ****   
 144              		.loc 1 100 5 view .LVU22
 145 0024 0021     		movs	r1, #0
 146 0026 0191     		str	r1, [sp, #4]
 100:Src/stm32f4xx_hal_msp.c ****   
 147              		.loc 1 100 5 view .LVU23
 148 0028 03F58C33 		add	r3, r3, #71680
 149 002c 5A6C     		ldr	r2, [r3, #68]
 150 002e 42F48072 		orr	r2, r2, #256
 151 0032 5A64     		str	r2, [r3, #68]
 100:Src/stm32f4xx_hal_msp.c ****   
 152              		.loc 1 100 5 view .LVU24
 153 0034 5A6C     		ldr	r2, [r3, #68]
 154 0036 02F48072 		and	r2, r2, #256
 155 003a 0192     		str	r2, [sp, #4]
 100:Src/stm32f4xx_hal_msp.c ****   
 156              		.loc 1 100 5 view .LVU25
 157 003c 019A     		ldr	r2, [sp, #4]
 158              	.LBE4:
 102:Src/stm32f4xx_hal_msp.c ****     /**ADC1 GPIO Configuration    
 159              		.loc 1 102 5 view .LVU26
 160              	.LBB5:
 102:Src/stm32f4xx_hal_msp.c ****     /**ADC1 GPIO Configuration    
 161              		.loc 1 102 5 view .LVU27
 162 003e 0291     		str	r1, [sp, #8]
ARM GAS  /tmp/cc0h3PZQ.s 			page 6


 102:Src/stm32f4xx_hal_msp.c ****     /**ADC1 GPIO Configuration    
 163              		.loc 1 102 5 view .LVU28
 164 0040 1A6B     		ldr	r2, [r3, #48]
 165 0042 42F00102 		orr	r2, r2, #1
 166 0046 1A63     		str	r2, [r3, #48]
 102:Src/stm32f4xx_hal_msp.c ****     /**ADC1 GPIO Configuration    
 167              		.loc 1 102 5 view .LVU29
 168 0048 1B6B     		ldr	r3, [r3, #48]
 169 004a 03F00103 		and	r3, r3, #1
 170 004e 0293     		str	r3, [sp, #8]
 102:Src/stm32f4xx_hal_msp.c ****     /**ADC1 GPIO Configuration    
 171              		.loc 1 102 5 view .LVU30
 172 0050 029B     		ldr	r3, [sp, #8]
 173              	.LBE5:
 109:Src/stm32f4xx_hal_msp.c ****     GPIO_InitStruct.Mode = GPIO_MODE_ANALOG;
 174              		.loc 1 109 5 view .LVU31
 109:Src/stm32f4xx_hal_msp.c ****     GPIO_InitStruct.Mode = GPIO_MODE_ANALOG;
 175              		.loc 1 109 25 is_stmt 0 view .LVU32
 176 0052 0F23     		movs	r3, #15
 177 0054 0393     		str	r3, [sp, #12]
 110:Src/stm32f4xx_hal_msp.c ****     GPIO_InitStruct.Pull = GPIO_NOPULL;
 178              		.loc 1 110 5 is_stmt 1 view .LVU33
 110:Src/stm32f4xx_hal_msp.c ****     GPIO_InitStruct.Pull = GPIO_NOPULL;
 179              		.loc 1 110 26 is_stmt 0 view .LVU34
 180 0056 0323     		movs	r3, #3
 181 0058 0493     		str	r3, [sp, #16]
 111:Src/stm32f4xx_hal_msp.c ****     HAL_GPIO_Init(GPIOA, &GPIO_InitStruct);
 182              		.loc 1 111 5 is_stmt 1 view .LVU35
 112:Src/stm32f4xx_hal_msp.c **** 
 183              		.loc 1 112 5 view .LVU36
 184 005a 03A9     		add	r1, sp, #12
 185 005c 0148     		ldr	r0, .L9
 186              	.LVL4:
 112:Src/stm32f4xx_hal_msp.c **** 
 187              		.loc 1 112 5 is_stmt 0 view .LVU37
 188 005e FFF7FEFF 		bl	HAL_GPIO_Init
 189              	.LVL5:
 190              		.loc 1 119 1 view .LVU38
 191 0062 DCE7     		b	.L5
 192              	.L10:
 193              		.align	2
 194              	.L9:
 195 0064 00000240 		.word	1073872896
 196              		.cfi_endproc
 197              	.LFE131:
 199              		.section	.text.HAL_ADC_MspDeInit,"ax",%progbits
 200              		.align	1
 201              		.global	HAL_ADC_MspDeInit
 202              		.syntax unified
 203              		.thumb
 204              		.thumb_func
 205              		.fpu fpv4-sp-d16
 207              	HAL_ADC_MspDeInit:
 208              	.LVL6:
 209              	.LFB132:
 120:Src/stm32f4xx_hal_msp.c **** 
 121:Src/stm32f4xx_hal_msp.c **** /**
ARM GAS  /tmp/cc0h3PZQ.s 			page 7


 122:Src/stm32f4xx_hal_msp.c **** * @brief ADC MSP De-Initialization
 123:Src/stm32f4xx_hal_msp.c **** * This function freeze the hardware resources used in this example
 124:Src/stm32f4xx_hal_msp.c **** * @param hadc: ADC handle pointer
 125:Src/stm32f4xx_hal_msp.c **** * @retval None
 126:Src/stm32f4xx_hal_msp.c **** */
 127:Src/stm32f4xx_hal_msp.c **** void HAL_ADC_MspDeInit(ADC_HandleTypeDef* hadc)
 128:Src/stm32f4xx_hal_msp.c **** {
 210              		.loc 1 128 1 is_stmt 1 view -0
 211              		.cfi_startproc
 212              		@ args = 0, pretend = 0, frame = 0
 213              		@ frame_needed = 0, uses_anonymous_args = 0
 214              		.loc 1 128 1 is_stmt 0 view .LVU40
 215 0000 08B5     		push	{r3, lr}
 216              	.LCFI7:
 217              		.cfi_def_cfa_offset 8
 218              		.cfi_offset 3, -8
 219              		.cfi_offset 14, -4
 129:Src/stm32f4xx_hal_msp.c ****   if(hadc->Instance==ADC1)
 220              		.loc 1 129 3 is_stmt 1 view .LVU41
 221              		.loc 1 129 10 is_stmt 0 view .LVU42
 222 0002 0268     		ldr	r2, [r0]
 223              		.loc 1 129 5 view .LVU43
 224 0004 064B     		ldr	r3, .L15
 225 0006 9A42     		cmp	r2, r3
 226 0008 00D0     		beq	.L14
 227              	.LVL7:
 228              	.L11:
 130:Src/stm32f4xx_hal_msp.c ****   {
 131:Src/stm32f4xx_hal_msp.c ****   /* USER CODE BEGIN ADC1_MspDeInit 0 */
 132:Src/stm32f4xx_hal_msp.c **** 
 133:Src/stm32f4xx_hal_msp.c ****   /* USER CODE END ADC1_MspDeInit 0 */
 134:Src/stm32f4xx_hal_msp.c ****     /* Peripheral clock disable */
 135:Src/stm32f4xx_hal_msp.c ****     __HAL_RCC_ADC1_CLK_DISABLE();
 136:Src/stm32f4xx_hal_msp.c ****   
 137:Src/stm32f4xx_hal_msp.c ****     /**ADC1 GPIO Configuration    
 138:Src/stm32f4xx_hal_msp.c ****     PA0-WKUP     ------> ADC1_IN0
 139:Src/stm32f4xx_hal_msp.c ****     PA1     ------> ADC1_IN1
 140:Src/stm32f4xx_hal_msp.c ****     PA2     ------> ADC1_IN2
 141:Src/stm32f4xx_hal_msp.c ****     PA3     ------> ADC1_IN3 
 142:Src/stm32f4xx_hal_msp.c ****     */
 143:Src/stm32f4xx_hal_msp.c ****     HAL_GPIO_DeInit(GPIOA, GPIO_PIN_0|GPIO_PIN_1|GPIO_PIN_2|GPIO_PIN_3);
 144:Src/stm32f4xx_hal_msp.c **** 
 145:Src/stm32f4xx_hal_msp.c ****   /* USER CODE BEGIN ADC1_MspDeInit 1 */
 146:Src/stm32f4xx_hal_msp.c **** 
 147:Src/stm32f4xx_hal_msp.c ****   /* USER CODE END ADC1_MspDeInit 1 */
 148:Src/stm32f4xx_hal_msp.c ****   }
 149:Src/stm32f4xx_hal_msp.c **** 
 150:Src/stm32f4xx_hal_msp.c **** }
 229              		.loc 1 150 1 view .LVU44
 230 000a 08BD     		pop	{r3, pc}
 231              	.LVL8:
 232              	.L14:
 135:Src/stm32f4xx_hal_msp.c ****   
 233              		.loc 1 135 5 is_stmt 1 view .LVU45
 234 000c 054A     		ldr	r2, .L15+4
 235 000e 536C     		ldr	r3, [r2, #68]
 236 0010 23F48073 		bic	r3, r3, #256
ARM GAS  /tmp/cc0h3PZQ.s 			page 8


 237 0014 5364     		str	r3, [r2, #68]
 143:Src/stm32f4xx_hal_msp.c **** 
 238              		.loc 1 143 5 view .LVU46
 239 0016 0F21     		movs	r1, #15
 240 0018 0348     		ldr	r0, .L15+8
 241              	.LVL9:
 143:Src/stm32f4xx_hal_msp.c **** 
 242              		.loc 1 143 5 is_stmt 0 view .LVU47
 243 001a FFF7FEFF 		bl	HAL_GPIO_DeInit
 244              	.LVL10:
 245              		.loc 1 150 1 view .LVU48
 246 001e F4E7     		b	.L11
 247              	.L16:
 248              		.align	2
 249              	.L15:
 250 0020 00200140 		.word	1073815552
 251 0024 00380240 		.word	1073887232
 252 0028 00000240 		.word	1073872896
 253              		.cfi_endproc
 254              	.LFE132:
 256              		.section	.text.HAL_I2C_MspInit,"ax",%progbits
 257              		.align	1
 258              		.global	HAL_I2C_MspInit
 259              		.syntax unified
 260              		.thumb
 261              		.thumb_func
 262              		.fpu fpv4-sp-d16
 264              	HAL_I2C_MspInit:
 265              	.LVL11:
 266              	.LFB133:
 151:Src/stm32f4xx_hal_msp.c **** 
 152:Src/stm32f4xx_hal_msp.c **** /**
 153:Src/stm32f4xx_hal_msp.c **** * @brief I2C MSP Initialization
 154:Src/stm32f4xx_hal_msp.c **** * This function configures the hardware resources used in this example
 155:Src/stm32f4xx_hal_msp.c **** * @param hi2c: I2C handle pointer
 156:Src/stm32f4xx_hal_msp.c **** * @retval None
 157:Src/stm32f4xx_hal_msp.c **** */
 158:Src/stm32f4xx_hal_msp.c **** void HAL_I2C_MspInit(I2C_HandleTypeDef* hi2c)
 159:Src/stm32f4xx_hal_msp.c **** {
 267              		.loc 1 159 1 is_stmt 1 view -0
 268              		.cfi_startproc
 269              		@ args = 0, pretend = 0, frame = 32
 270              		@ frame_needed = 0, uses_anonymous_args = 0
 271              		.loc 1 159 1 is_stmt 0 view .LVU50
 272 0000 30B5     		push	{r4, r5, lr}
 273              	.LCFI8:
 274              		.cfi_def_cfa_offset 12
 275              		.cfi_offset 4, -12
 276              		.cfi_offset 5, -8
 277              		.cfi_offset 14, -4
 278 0002 89B0     		sub	sp, sp, #36
 279              	.LCFI9:
 280              		.cfi_def_cfa_offset 48
 160:Src/stm32f4xx_hal_msp.c ****   GPIO_InitTypeDef GPIO_InitStruct = {0};
 281              		.loc 1 160 3 is_stmt 1 view .LVU51
 282              		.loc 1 160 20 is_stmt 0 view .LVU52
 283 0004 0023     		movs	r3, #0
ARM GAS  /tmp/cc0h3PZQ.s 			page 9


 284 0006 0393     		str	r3, [sp, #12]
 285 0008 0493     		str	r3, [sp, #16]
 286 000a 0593     		str	r3, [sp, #20]
 287 000c 0693     		str	r3, [sp, #24]
 288 000e 0793     		str	r3, [sp, #28]
 161:Src/stm32f4xx_hal_msp.c ****   if(hi2c->Instance==I2C1)
 289              		.loc 1 161 3 is_stmt 1 view .LVU53
 290              		.loc 1 161 10 is_stmt 0 view .LVU54
 291 0010 0268     		ldr	r2, [r0]
 292              		.loc 1 161 5 view .LVU55
 293 0012 154B     		ldr	r3, .L21
 294 0014 9A42     		cmp	r2, r3
 295 0016 01D0     		beq	.L20
 296              	.LVL12:
 297              	.L17:
 162:Src/stm32f4xx_hal_msp.c ****   {
 163:Src/stm32f4xx_hal_msp.c ****   /* USER CODE BEGIN I2C1_MspInit 0 */
 164:Src/stm32f4xx_hal_msp.c **** 
 165:Src/stm32f4xx_hal_msp.c ****   /* USER CODE END I2C1_MspInit 0 */
 166:Src/stm32f4xx_hal_msp.c ****   
 167:Src/stm32f4xx_hal_msp.c ****     __HAL_RCC_GPIOB_CLK_ENABLE();
 168:Src/stm32f4xx_hal_msp.c ****     /**I2C1 GPIO Configuration    
 169:Src/stm32f4xx_hal_msp.c ****     PB6     ------> I2C1_SCL
 170:Src/stm32f4xx_hal_msp.c ****     PB7     ------> I2C1_SDA 
 171:Src/stm32f4xx_hal_msp.c ****     */
 172:Src/stm32f4xx_hal_msp.c ****     GPIO_InitStruct.Pin = GPIO_PIN_6|GPIO_PIN_7;
 173:Src/stm32f4xx_hal_msp.c ****     GPIO_InitStruct.Mode = GPIO_MODE_AF_OD;
 174:Src/stm32f4xx_hal_msp.c ****     GPIO_InitStruct.Pull = GPIO_PULLUP;
 175:Src/stm32f4xx_hal_msp.c ****     GPIO_InitStruct.Speed = GPIO_SPEED_FREQ_VERY_HIGH;
 176:Src/stm32f4xx_hal_msp.c ****     GPIO_InitStruct.Alternate = GPIO_AF4_I2C1;
 177:Src/stm32f4xx_hal_msp.c ****     HAL_GPIO_Init(GPIOB, &GPIO_InitStruct);
 178:Src/stm32f4xx_hal_msp.c **** 
 179:Src/stm32f4xx_hal_msp.c ****     /* Peripheral clock enable */
 180:Src/stm32f4xx_hal_msp.c ****     __HAL_RCC_I2C1_CLK_ENABLE();
 181:Src/stm32f4xx_hal_msp.c ****   /* USER CODE BEGIN I2C1_MspInit 1 */
 182:Src/stm32f4xx_hal_msp.c **** 
 183:Src/stm32f4xx_hal_msp.c ****   /* USER CODE END I2C1_MspInit 1 */
 184:Src/stm32f4xx_hal_msp.c ****   }
 185:Src/stm32f4xx_hal_msp.c **** 
 186:Src/stm32f4xx_hal_msp.c **** }
 298              		.loc 1 186 1 view .LVU56
 299 0018 09B0     		add	sp, sp, #36
 300              	.LCFI10:
 301              		.cfi_remember_state
 302              		.cfi_def_cfa_offset 12
 303              		@ sp needed
 304 001a 30BD     		pop	{r4, r5, pc}
 305              	.LVL13:
 306              	.L20:
 307              	.LCFI11:
 308              		.cfi_restore_state
 167:Src/stm32f4xx_hal_msp.c ****     /**I2C1 GPIO Configuration    
 309              		.loc 1 167 5 is_stmt 1 view .LVU57
 310              	.LBB6:
 167:Src/stm32f4xx_hal_msp.c ****     /**I2C1 GPIO Configuration    
 311              		.loc 1 167 5 view .LVU58
 312 001c 0025     		movs	r5, #0
ARM GAS  /tmp/cc0h3PZQ.s 			page 10


 313 001e 0195     		str	r5, [sp, #4]
 167:Src/stm32f4xx_hal_msp.c ****     /**I2C1 GPIO Configuration    
 314              		.loc 1 167 5 view .LVU59
 315 0020 124C     		ldr	r4, .L21+4
 316 0022 236B     		ldr	r3, [r4, #48]
 317 0024 43F00203 		orr	r3, r3, #2
 318 0028 2363     		str	r3, [r4, #48]
 167:Src/stm32f4xx_hal_msp.c ****     /**I2C1 GPIO Configuration    
 319              		.loc 1 167 5 view .LVU60
 320 002a 236B     		ldr	r3, [r4, #48]
 321 002c 03F00203 		and	r3, r3, #2
 322 0030 0193     		str	r3, [sp, #4]
 167:Src/stm32f4xx_hal_msp.c ****     /**I2C1 GPIO Configuration    
 323              		.loc 1 167 5 view .LVU61
 324 0032 019B     		ldr	r3, [sp, #4]
 325              	.LBE6:
 172:Src/stm32f4xx_hal_msp.c ****     GPIO_InitStruct.Mode = GPIO_MODE_AF_OD;
 326              		.loc 1 172 5 view .LVU62
 172:Src/stm32f4xx_hal_msp.c ****     GPIO_InitStruct.Mode = GPIO_MODE_AF_OD;
 327              		.loc 1 172 25 is_stmt 0 view .LVU63
 328 0034 C023     		movs	r3, #192
 329 0036 0393     		str	r3, [sp, #12]
 173:Src/stm32f4xx_hal_msp.c ****     GPIO_InitStruct.Pull = GPIO_PULLUP;
 330              		.loc 1 173 5 is_stmt 1 view .LVU64
 173:Src/stm32f4xx_hal_msp.c ****     GPIO_InitStruct.Pull = GPIO_PULLUP;
 331              		.loc 1 173 26 is_stmt 0 view .LVU65
 332 0038 1223     		movs	r3, #18
 333 003a 0493     		str	r3, [sp, #16]
 174:Src/stm32f4xx_hal_msp.c ****     GPIO_InitStruct.Speed = GPIO_SPEED_FREQ_VERY_HIGH;
 334              		.loc 1 174 5 is_stmt 1 view .LVU66
 174:Src/stm32f4xx_hal_msp.c ****     GPIO_InitStruct.Speed = GPIO_SPEED_FREQ_VERY_HIGH;
 335              		.loc 1 174 26 is_stmt 0 view .LVU67
 336 003c 0123     		movs	r3, #1
 337 003e 0593     		str	r3, [sp, #20]
 175:Src/stm32f4xx_hal_msp.c ****     GPIO_InitStruct.Alternate = GPIO_AF4_I2C1;
 338              		.loc 1 175 5 is_stmt 1 view .LVU68
 175:Src/stm32f4xx_hal_msp.c ****     GPIO_InitStruct.Alternate = GPIO_AF4_I2C1;
 339              		.loc 1 175 27 is_stmt 0 view .LVU69
 340 0040 0323     		movs	r3, #3
 341 0042 0693     		str	r3, [sp, #24]
 176:Src/stm32f4xx_hal_msp.c ****     HAL_GPIO_Init(GPIOB, &GPIO_InitStruct);
 342              		.loc 1 176 5 is_stmt 1 view .LVU70
 176:Src/stm32f4xx_hal_msp.c ****     HAL_GPIO_Init(GPIOB, &GPIO_InitStruct);
 343              		.loc 1 176 31 is_stmt 0 view .LVU71
 344 0044 0423     		movs	r3, #4
 345 0046 0793     		str	r3, [sp, #28]
 177:Src/stm32f4xx_hal_msp.c **** 
 346              		.loc 1 177 5 is_stmt 1 view .LVU72
 347 0048 03A9     		add	r1, sp, #12
 348 004a 0948     		ldr	r0, .L21+8
 349              	.LVL14:
 177:Src/stm32f4xx_hal_msp.c **** 
 350              		.loc 1 177 5 is_stmt 0 view .LVU73
 351 004c FFF7FEFF 		bl	HAL_GPIO_Init
 352              	.LVL15:
 180:Src/stm32f4xx_hal_msp.c ****   /* USER CODE BEGIN I2C1_MspInit 1 */
 353              		.loc 1 180 5 is_stmt 1 view .LVU74
ARM GAS  /tmp/cc0h3PZQ.s 			page 11


 354              	.LBB7:
 180:Src/stm32f4xx_hal_msp.c ****   /* USER CODE BEGIN I2C1_MspInit 1 */
 355              		.loc 1 180 5 view .LVU75
 356 0050 0295     		str	r5, [sp, #8]
 180:Src/stm32f4xx_hal_msp.c ****   /* USER CODE BEGIN I2C1_MspInit 1 */
 357              		.loc 1 180 5 view .LVU76
 358 0052 236C     		ldr	r3, [r4, #64]
 359 0054 43F40013 		orr	r3, r3, #2097152
 360 0058 2364     		str	r3, [r4, #64]
 180:Src/stm32f4xx_hal_msp.c ****   /* USER CODE BEGIN I2C1_MspInit 1 */
 361              		.loc 1 180 5 view .LVU77
 362 005a 236C     		ldr	r3, [r4, #64]
 363 005c 03F40013 		and	r3, r3, #2097152
 364 0060 0293     		str	r3, [sp, #8]
 180:Src/stm32f4xx_hal_msp.c ****   /* USER CODE BEGIN I2C1_MspInit 1 */
 365              		.loc 1 180 5 view .LVU78
 366 0062 029B     		ldr	r3, [sp, #8]
 367              	.LBE7:
 368              		.loc 1 186 1 is_stmt 0 view .LVU79
 369 0064 D8E7     		b	.L17
 370              	.L22:
 371 0066 00BF     		.align	2
 372              	.L21:
 373 0068 00540040 		.word	1073763328
 374 006c 00380240 		.word	1073887232
 375 0070 00040240 		.word	1073873920
 376              		.cfi_endproc
 377              	.LFE133:
 379              		.section	.text.HAL_I2C_MspDeInit,"ax",%progbits
 380              		.align	1
 381              		.global	HAL_I2C_MspDeInit
 382              		.syntax unified
 383              		.thumb
 384              		.thumb_func
 385              		.fpu fpv4-sp-d16
 387              	HAL_I2C_MspDeInit:
 388              	.LVL16:
 389              	.LFB134:
 187:Src/stm32f4xx_hal_msp.c **** 
 188:Src/stm32f4xx_hal_msp.c **** /**
 189:Src/stm32f4xx_hal_msp.c **** * @brief I2C MSP De-Initialization
 190:Src/stm32f4xx_hal_msp.c **** * This function freeze the hardware resources used in this example
 191:Src/stm32f4xx_hal_msp.c **** * @param hi2c: I2C handle pointer
 192:Src/stm32f4xx_hal_msp.c **** * @retval None
 193:Src/stm32f4xx_hal_msp.c **** */
 194:Src/stm32f4xx_hal_msp.c **** void HAL_I2C_MspDeInit(I2C_HandleTypeDef* hi2c)
 195:Src/stm32f4xx_hal_msp.c **** {
 390              		.loc 1 195 1 is_stmt 1 view -0
 391              		.cfi_startproc
 392              		@ args = 0, pretend = 0, frame = 0
 393              		@ frame_needed = 0, uses_anonymous_args = 0
 394              		.loc 1 195 1 is_stmt 0 view .LVU81
 395 0000 08B5     		push	{r3, lr}
 396              	.LCFI12:
 397              		.cfi_def_cfa_offset 8
 398              		.cfi_offset 3, -8
 399              		.cfi_offset 14, -4
ARM GAS  /tmp/cc0h3PZQ.s 			page 12


 196:Src/stm32f4xx_hal_msp.c ****   if(hi2c->Instance==I2C1)
 400              		.loc 1 196 3 is_stmt 1 view .LVU82
 401              		.loc 1 196 10 is_stmt 0 view .LVU83
 402 0002 0268     		ldr	r2, [r0]
 403              		.loc 1 196 5 view .LVU84
 404 0004 064B     		ldr	r3, .L27
 405 0006 9A42     		cmp	r2, r3
 406 0008 00D0     		beq	.L26
 407              	.LVL17:
 408              	.L23:
 197:Src/stm32f4xx_hal_msp.c ****   {
 198:Src/stm32f4xx_hal_msp.c ****   /* USER CODE BEGIN I2C1_MspDeInit 0 */
 199:Src/stm32f4xx_hal_msp.c **** 
 200:Src/stm32f4xx_hal_msp.c ****   /* USER CODE END I2C1_MspDeInit 0 */
 201:Src/stm32f4xx_hal_msp.c ****     /* Peripheral clock disable */
 202:Src/stm32f4xx_hal_msp.c ****     __HAL_RCC_I2C1_CLK_DISABLE();
 203:Src/stm32f4xx_hal_msp.c ****   
 204:Src/stm32f4xx_hal_msp.c ****     /**I2C1 GPIO Configuration    
 205:Src/stm32f4xx_hal_msp.c ****     PB6     ------> I2C1_SCL
 206:Src/stm32f4xx_hal_msp.c ****     PB7     ------> I2C1_SDA 
 207:Src/stm32f4xx_hal_msp.c ****     */
 208:Src/stm32f4xx_hal_msp.c ****     HAL_GPIO_DeInit(GPIOB, GPIO_PIN_6|GPIO_PIN_7);
 209:Src/stm32f4xx_hal_msp.c **** 
 210:Src/stm32f4xx_hal_msp.c ****   /* USER CODE BEGIN I2C1_MspDeInit 1 */
 211:Src/stm32f4xx_hal_msp.c **** 
 212:Src/stm32f4xx_hal_msp.c ****   /* USER CODE END I2C1_MspDeInit 1 */
 213:Src/stm32f4xx_hal_msp.c ****   }
 214:Src/stm32f4xx_hal_msp.c **** 
 215:Src/stm32f4xx_hal_msp.c **** }
 409              		.loc 1 215 1 view .LVU85
 410 000a 08BD     		pop	{r3, pc}
 411              	.LVL18:
 412              	.L26:
 202:Src/stm32f4xx_hal_msp.c ****   
 413              		.loc 1 202 5 is_stmt 1 view .LVU86
 414 000c 054A     		ldr	r2, .L27+4
 415 000e 136C     		ldr	r3, [r2, #64]
 416 0010 23F40013 		bic	r3, r3, #2097152
 417 0014 1364     		str	r3, [r2, #64]
 208:Src/stm32f4xx_hal_msp.c **** 
 418              		.loc 1 208 5 view .LVU87
 419 0016 C021     		movs	r1, #192
 420 0018 0348     		ldr	r0, .L27+8
 421              	.LVL19:
 208:Src/stm32f4xx_hal_msp.c **** 
 422              		.loc 1 208 5 is_stmt 0 view .LVU88
 423 001a FFF7FEFF 		bl	HAL_GPIO_DeInit
 424              	.LVL20:
 425              		.loc 1 215 1 view .LVU89
 426 001e F4E7     		b	.L23
 427              	.L28:
 428              		.align	2
 429              	.L27:
 430 0020 00540040 		.word	1073763328
 431 0024 00380240 		.word	1073887232
 432 0028 00040240 		.word	1073873920
 433              		.cfi_endproc
ARM GAS  /tmp/cc0h3PZQ.s 			page 13


 434              	.LFE134:
 436              		.section	.text.HAL_SPI_MspInit,"ax",%progbits
 437              		.align	1
 438              		.global	HAL_SPI_MspInit
 439              		.syntax unified
 440              		.thumb
 441              		.thumb_func
 442              		.fpu fpv4-sp-d16
 444              	HAL_SPI_MspInit:
 445              	.LVL21:
 446              	.LFB135:
 216:Src/stm32f4xx_hal_msp.c **** 
 217:Src/stm32f4xx_hal_msp.c **** /**
 218:Src/stm32f4xx_hal_msp.c **** * @brief SPI MSP Initialization
 219:Src/stm32f4xx_hal_msp.c **** * This function configures the hardware resources used in this example
 220:Src/stm32f4xx_hal_msp.c **** * @param hspi: SPI handle pointer
 221:Src/stm32f4xx_hal_msp.c **** * @retval None
 222:Src/stm32f4xx_hal_msp.c **** */
 223:Src/stm32f4xx_hal_msp.c **** void HAL_SPI_MspInit(SPI_HandleTypeDef* hspi)
 224:Src/stm32f4xx_hal_msp.c **** {
 447              		.loc 1 224 1 is_stmt 1 view -0
 448              		.cfi_startproc
 449              		@ args = 0, pretend = 0, frame = 32
 450              		@ frame_needed = 0, uses_anonymous_args = 0
 451              		.loc 1 224 1 is_stmt 0 view .LVU91
 452 0000 F0B5     		push	{r4, r5, r6, r7, lr}
 453              	.LCFI13:
 454              		.cfi_def_cfa_offset 20
 455              		.cfi_offset 4, -20
 456              		.cfi_offset 5, -16
 457              		.cfi_offset 6, -12
 458              		.cfi_offset 7, -8
 459              		.cfi_offset 14, -4
 460 0002 89B0     		sub	sp, sp, #36
 461              	.LCFI14:
 462              		.cfi_def_cfa_offset 56
 225:Src/stm32f4xx_hal_msp.c ****   GPIO_InitTypeDef GPIO_InitStruct = {0};
 463              		.loc 1 225 3 is_stmt 1 view .LVU92
 464              		.loc 1 225 20 is_stmt 0 view .LVU93
 465 0004 0023     		movs	r3, #0
 466 0006 0393     		str	r3, [sp, #12]
 467 0008 0493     		str	r3, [sp, #16]
 468 000a 0593     		str	r3, [sp, #20]
 469 000c 0693     		str	r3, [sp, #24]
 470 000e 0793     		str	r3, [sp, #28]
 226:Src/stm32f4xx_hal_msp.c ****   if(hspi->Instance==SPI2)
 471              		.loc 1 226 3 is_stmt 1 view .LVU94
 472              		.loc 1 226 10 is_stmt 0 view .LVU95
 473 0010 0268     		ldr	r2, [r0]
 474              		.loc 1 226 5 view .LVU96
 475 0012 1F4B     		ldr	r3, .L33
 476 0014 9A42     		cmp	r2, r3
 477 0016 01D0     		beq	.L32
 478              	.LVL22:
 479              	.L29:
 227:Src/stm32f4xx_hal_msp.c ****   {
 228:Src/stm32f4xx_hal_msp.c ****   /* USER CODE BEGIN SPI2_MspInit 0 */
ARM GAS  /tmp/cc0h3PZQ.s 			page 14


 229:Src/stm32f4xx_hal_msp.c **** 
 230:Src/stm32f4xx_hal_msp.c ****   /* USER CODE END SPI2_MspInit 0 */
 231:Src/stm32f4xx_hal_msp.c ****     /* Peripheral clock enable */
 232:Src/stm32f4xx_hal_msp.c ****     __HAL_RCC_SPI2_CLK_ENABLE();
 233:Src/stm32f4xx_hal_msp.c ****   
 234:Src/stm32f4xx_hal_msp.c ****     __HAL_RCC_GPIOB_CLK_ENABLE();
 235:Src/stm32f4xx_hal_msp.c ****     __HAL_RCC_GPIOC_CLK_ENABLE();
 236:Src/stm32f4xx_hal_msp.c ****     /**SPI2 GPIO Configuration    
 237:Src/stm32f4xx_hal_msp.c ****     PB14     ------> SPI2_MISO
 238:Src/stm32f4xx_hal_msp.c ****     PB15     ------> SPI2_MOSI
 239:Src/stm32f4xx_hal_msp.c ****     PC7     ------> SPI2_SCK 
 240:Src/stm32f4xx_hal_msp.c ****     */
 241:Src/stm32f4xx_hal_msp.c ****     GPIO_InitStruct.Pin = GPIO_PIN_14|GPIO_PIN_15;
 242:Src/stm32f4xx_hal_msp.c ****     GPIO_InitStruct.Mode = GPIO_MODE_AF_PP;
 243:Src/stm32f4xx_hal_msp.c ****     GPIO_InitStruct.Pull = GPIO_NOPULL;
 244:Src/stm32f4xx_hal_msp.c ****     GPIO_InitStruct.Speed = GPIO_SPEED_FREQ_VERY_HIGH;
 245:Src/stm32f4xx_hal_msp.c ****     GPIO_InitStruct.Alternate = GPIO_AF5_SPI2;
 246:Src/stm32f4xx_hal_msp.c ****     HAL_GPIO_Init(GPIOB, &GPIO_InitStruct);
 247:Src/stm32f4xx_hal_msp.c **** 
 248:Src/stm32f4xx_hal_msp.c ****     GPIO_InitStruct.Pin = GPIO_PIN_7;
 249:Src/stm32f4xx_hal_msp.c ****     GPIO_InitStruct.Mode = GPIO_MODE_AF_PP;
 250:Src/stm32f4xx_hal_msp.c ****     GPIO_InitStruct.Pull = GPIO_NOPULL;
 251:Src/stm32f4xx_hal_msp.c ****     GPIO_InitStruct.Speed = GPIO_SPEED_FREQ_VERY_HIGH;
 252:Src/stm32f4xx_hal_msp.c ****     GPIO_InitStruct.Alternate = GPIO_AF5_SPI2;
 253:Src/stm32f4xx_hal_msp.c ****     HAL_GPIO_Init(GPIOC, &GPIO_InitStruct);
 254:Src/stm32f4xx_hal_msp.c **** 
 255:Src/stm32f4xx_hal_msp.c ****   /* USER CODE BEGIN SPI2_MspInit 1 */
 256:Src/stm32f4xx_hal_msp.c **** 
 257:Src/stm32f4xx_hal_msp.c ****   /* USER CODE END SPI2_MspInit 1 */
 258:Src/stm32f4xx_hal_msp.c ****   }
 259:Src/stm32f4xx_hal_msp.c **** 
 260:Src/stm32f4xx_hal_msp.c **** }
 480              		.loc 1 260 1 view .LVU97
 481 0018 09B0     		add	sp, sp, #36
 482              	.LCFI15:
 483              		.cfi_remember_state
 484              		.cfi_def_cfa_offset 20
 485              		@ sp needed
 486 001a F0BD     		pop	{r4, r5, r6, r7, pc}
 487              	.LVL23:
 488              	.L32:
 489              	.LCFI16:
 490              		.cfi_restore_state
 232:Src/stm32f4xx_hal_msp.c ****   
 491              		.loc 1 232 5 is_stmt 1 view .LVU98
 492              	.LBB8:
 232:Src/stm32f4xx_hal_msp.c ****   
 493              		.loc 1 232 5 view .LVU99
 494 001c 0024     		movs	r4, #0
 495 001e 0094     		str	r4, [sp]
 232:Src/stm32f4xx_hal_msp.c ****   
 496              		.loc 1 232 5 view .LVU100
 497 0020 03F50033 		add	r3, r3, #131072
 498 0024 1A6C     		ldr	r2, [r3, #64]
 499 0026 42F48042 		orr	r2, r2, #16384
 500 002a 1A64     		str	r2, [r3, #64]
 232:Src/stm32f4xx_hal_msp.c ****   
ARM GAS  /tmp/cc0h3PZQ.s 			page 15


 501              		.loc 1 232 5 view .LVU101
 502 002c 1A6C     		ldr	r2, [r3, #64]
 503 002e 02F48042 		and	r2, r2, #16384
 504 0032 0092     		str	r2, [sp]
 232:Src/stm32f4xx_hal_msp.c ****   
 505              		.loc 1 232 5 view .LVU102
 506 0034 009A     		ldr	r2, [sp]
 507              	.LBE8:
 234:Src/stm32f4xx_hal_msp.c ****     __HAL_RCC_GPIOC_CLK_ENABLE();
 508              		.loc 1 234 5 view .LVU103
 509              	.LBB9:
 234:Src/stm32f4xx_hal_msp.c ****     __HAL_RCC_GPIOC_CLK_ENABLE();
 510              		.loc 1 234 5 view .LVU104
 511 0036 0194     		str	r4, [sp, #4]
 234:Src/stm32f4xx_hal_msp.c ****     __HAL_RCC_GPIOC_CLK_ENABLE();
 512              		.loc 1 234 5 view .LVU105
 513 0038 1A6B     		ldr	r2, [r3, #48]
 514 003a 42F00202 		orr	r2, r2, #2
 515 003e 1A63     		str	r2, [r3, #48]
 234:Src/stm32f4xx_hal_msp.c ****     __HAL_RCC_GPIOC_CLK_ENABLE();
 516              		.loc 1 234 5 view .LVU106
 517 0040 1A6B     		ldr	r2, [r3, #48]
 518 0042 02F00202 		and	r2, r2, #2
 519 0046 0192     		str	r2, [sp, #4]
 234:Src/stm32f4xx_hal_msp.c ****     __HAL_RCC_GPIOC_CLK_ENABLE();
 520              		.loc 1 234 5 view .LVU107
 521 0048 019A     		ldr	r2, [sp, #4]
 522              	.LBE9:
 235:Src/stm32f4xx_hal_msp.c ****     /**SPI2 GPIO Configuration    
 523              		.loc 1 235 5 view .LVU108
 524              	.LBB10:
 235:Src/stm32f4xx_hal_msp.c ****     /**SPI2 GPIO Configuration    
 525              		.loc 1 235 5 view .LVU109
 526 004a 0294     		str	r4, [sp, #8]
 235:Src/stm32f4xx_hal_msp.c ****     /**SPI2 GPIO Configuration    
 527              		.loc 1 235 5 view .LVU110
 528 004c 1A6B     		ldr	r2, [r3, #48]
 529 004e 42F00402 		orr	r2, r2, #4
 530 0052 1A63     		str	r2, [r3, #48]
 235:Src/stm32f4xx_hal_msp.c ****     /**SPI2 GPIO Configuration    
 531              		.loc 1 235 5 view .LVU111
 532 0054 1B6B     		ldr	r3, [r3, #48]
 533 0056 03F00403 		and	r3, r3, #4
 534 005a 0293     		str	r3, [sp, #8]
 235:Src/stm32f4xx_hal_msp.c ****     /**SPI2 GPIO Configuration    
 535              		.loc 1 235 5 view .LVU112
 536 005c 029B     		ldr	r3, [sp, #8]
 537              	.LBE10:
 241:Src/stm32f4xx_hal_msp.c ****     GPIO_InitStruct.Mode = GPIO_MODE_AF_PP;
 538              		.loc 1 241 5 view .LVU113
 241:Src/stm32f4xx_hal_msp.c ****     GPIO_InitStruct.Mode = GPIO_MODE_AF_PP;
 539              		.loc 1 241 25 is_stmt 0 view .LVU114
 540 005e 4FF44043 		mov	r3, #49152
 541 0062 0393     		str	r3, [sp, #12]
 242:Src/stm32f4xx_hal_msp.c ****     GPIO_InitStruct.Pull = GPIO_NOPULL;
 542              		.loc 1 242 5 is_stmt 1 view .LVU115
 242:Src/stm32f4xx_hal_msp.c ****     GPIO_InitStruct.Pull = GPIO_NOPULL;
ARM GAS  /tmp/cc0h3PZQ.s 			page 16


 543              		.loc 1 242 26 is_stmt 0 view .LVU116
 544 0064 0227     		movs	r7, #2
 545 0066 0497     		str	r7, [sp, #16]
 243:Src/stm32f4xx_hal_msp.c ****     GPIO_InitStruct.Speed = GPIO_SPEED_FREQ_VERY_HIGH;
 546              		.loc 1 243 5 is_stmt 1 view .LVU117
 244:Src/stm32f4xx_hal_msp.c ****     GPIO_InitStruct.Alternate = GPIO_AF5_SPI2;
 547              		.loc 1 244 5 view .LVU118
 244:Src/stm32f4xx_hal_msp.c ****     GPIO_InitStruct.Alternate = GPIO_AF5_SPI2;
 548              		.loc 1 244 27 is_stmt 0 view .LVU119
 549 0068 0326     		movs	r6, #3
 550 006a 0696     		str	r6, [sp, #24]
 245:Src/stm32f4xx_hal_msp.c ****     HAL_GPIO_Init(GPIOB, &GPIO_InitStruct);
 551              		.loc 1 245 5 is_stmt 1 view .LVU120
 245:Src/stm32f4xx_hal_msp.c ****     HAL_GPIO_Init(GPIOB, &GPIO_InitStruct);
 552              		.loc 1 245 31 is_stmt 0 view .LVU121
 553 006c 0525     		movs	r5, #5
 554 006e 0795     		str	r5, [sp, #28]
 246:Src/stm32f4xx_hal_msp.c **** 
 555              		.loc 1 246 5 is_stmt 1 view .LVU122
 556 0070 03A9     		add	r1, sp, #12
 557 0072 0848     		ldr	r0, .L33+4
 558              	.LVL24:
 246:Src/stm32f4xx_hal_msp.c **** 
 559              		.loc 1 246 5 is_stmt 0 view .LVU123
 560 0074 FFF7FEFF 		bl	HAL_GPIO_Init
 561              	.LVL25:
 248:Src/stm32f4xx_hal_msp.c ****     GPIO_InitStruct.Mode = GPIO_MODE_AF_PP;
 562              		.loc 1 248 5 is_stmt 1 view .LVU124
 248:Src/stm32f4xx_hal_msp.c ****     GPIO_InitStruct.Mode = GPIO_MODE_AF_PP;
 563              		.loc 1 248 25 is_stmt 0 view .LVU125
 564 0078 8023     		movs	r3, #128
 565 007a 0393     		str	r3, [sp, #12]
 249:Src/stm32f4xx_hal_msp.c ****     GPIO_InitStruct.Pull = GPIO_NOPULL;
 566              		.loc 1 249 5 is_stmt 1 view .LVU126
 249:Src/stm32f4xx_hal_msp.c ****     GPIO_InitStruct.Pull = GPIO_NOPULL;
 567              		.loc 1 249 26 is_stmt 0 view .LVU127
 568 007c 0497     		str	r7, [sp, #16]
 250:Src/stm32f4xx_hal_msp.c ****     GPIO_InitStruct.Speed = GPIO_SPEED_FREQ_VERY_HIGH;
 569              		.loc 1 250 5 is_stmt 1 view .LVU128
 250:Src/stm32f4xx_hal_msp.c ****     GPIO_InitStruct.Speed = GPIO_SPEED_FREQ_VERY_HIGH;
 570              		.loc 1 250 26 is_stmt 0 view .LVU129
 571 007e 0594     		str	r4, [sp, #20]
 251:Src/stm32f4xx_hal_msp.c ****     GPIO_InitStruct.Alternate = GPIO_AF5_SPI2;
 572              		.loc 1 251 5 is_stmt 1 view .LVU130
 251:Src/stm32f4xx_hal_msp.c ****     GPIO_InitStruct.Alternate = GPIO_AF5_SPI2;
 573              		.loc 1 251 27 is_stmt 0 view .LVU131
 574 0080 0696     		str	r6, [sp, #24]
 252:Src/stm32f4xx_hal_msp.c ****     HAL_GPIO_Init(GPIOC, &GPIO_InitStruct);
 575              		.loc 1 252 5 is_stmt 1 view .LVU132
 252:Src/stm32f4xx_hal_msp.c ****     HAL_GPIO_Init(GPIOC, &GPIO_InitStruct);
 576              		.loc 1 252 31 is_stmt 0 view .LVU133
 577 0082 0795     		str	r5, [sp, #28]
 253:Src/stm32f4xx_hal_msp.c **** 
 578              		.loc 1 253 5 is_stmt 1 view .LVU134
 579 0084 03A9     		add	r1, sp, #12
 580 0086 0448     		ldr	r0, .L33+8
 581 0088 FFF7FEFF 		bl	HAL_GPIO_Init
ARM GAS  /tmp/cc0h3PZQ.s 			page 17


 582              	.LVL26:
 583              		.loc 1 260 1 is_stmt 0 view .LVU135
 584 008c C4E7     		b	.L29
 585              	.L34:
 586 008e 00BF     		.align	2
 587              	.L33:
 588 0090 00380040 		.word	1073756160
 589 0094 00040240 		.word	1073873920
 590 0098 00080240 		.word	1073874944
 591              		.cfi_endproc
 592              	.LFE135:
 594              		.section	.text.HAL_SPI_MspDeInit,"ax",%progbits
 595              		.align	1
 596              		.global	HAL_SPI_MspDeInit
 597              		.syntax unified
 598              		.thumb
 599              		.thumb_func
 600              		.fpu fpv4-sp-d16
 602              	HAL_SPI_MspDeInit:
 603              	.LVL27:
 604              	.LFB136:
 261:Src/stm32f4xx_hal_msp.c **** 
 262:Src/stm32f4xx_hal_msp.c **** /**
 263:Src/stm32f4xx_hal_msp.c **** * @brief SPI MSP De-Initialization
 264:Src/stm32f4xx_hal_msp.c **** * This function freeze the hardware resources used in this example
 265:Src/stm32f4xx_hal_msp.c **** * @param hspi: SPI handle pointer
 266:Src/stm32f4xx_hal_msp.c **** * @retval None
 267:Src/stm32f4xx_hal_msp.c **** */
 268:Src/stm32f4xx_hal_msp.c **** void HAL_SPI_MspDeInit(SPI_HandleTypeDef* hspi)
 269:Src/stm32f4xx_hal_msp.c **** {
 605              		.loc 1 269 1 is_stmt 1 view -0
 606              		.cfi_startproc
 607              		@ args = 0, pretend = 0, frame = 0
 608              		@ frame_needed = 0, uses_anonymous_args = 0
 609              		.loc 1 269 1 is_stmt 0 view .LVU137
 610 0000 08B5     		push	{r3, lr}
 611              	.LCFI17:
 612              		.cfi_def_cfa_offset 8
 613              		.cfi_offset 3, -8
 614              		.cfi_offset 14, -4
 270:Src/stm32f4xx_hal_msp.c ****   if(hspi->Instance==SPI2)
 615              		.loc 1 270 3 is_stmt 1 view .LVU138
 616              		.loc 1 270 10 is_stmt 0 view .LVU139
 617 0002 0268     		ldr	r2, [r0]
 618              		.loc 1 270 5 view .LVU140
 619 0004 094B     		ldr	r3, .L39
 620 0006 9A42     		cmp	r2, r3
 621 0008 00D0     		beq	.L38
 622              	.LVL28:
 623              	.L35:
 271:Src/stm32f4xx_hal_msp.c ****   {
 272:Src/stm32f4xx_hal_msp.c ****   /* USER CODE BEGIN SPI2_MspDeInit 0 */
 273:Src/stm32f4xx_hal_msp.c **** 
 274:Src/stm32f4xx_hal_msp.c ****   /* USER CODE END SPI2_MspDeInit 0 */
 275:Src/stm32f4xx_hal_msp.c ****     /* Peripheral clock disable */
 276:Src/stm32f4xx_hal_msp.c ****     __HAL_RCC_SPI2_CLK_DISABLE();
 277:Src/stm32f4xx_hal_msp.c ****   
ARM GAS  /tmp/cc0h3PZQ.s 			page 18


 278:Src/stm32f4xx_hal_msp.c ****     /**SPI2 GPIO Configuration    
 279:Src/stm32f4xx_hal_msp.c ****     PB14     ------> SPI2_MISO
 280:Src/stm32f4xx_hal_msp.c ****     PB15     ------> SPI2_MOSI
 281:Src/stm32f4xx_hal_msp.c ****     PC7     ------> SPI2_SCK 
 282:Src/stm32f4xx_hal_msp.c ****     */
 283:Src/stm32f4xx_hal_msp.c ****     HAL_GPIO_DeInit(GPIOB, GPIO_PIN_14|GPIO_PIN_15);
 284:Src/stm32f4xx_hal_msp.c **** 
 285:Src/stm32f4xx_hal_msp.c ****     HAL_GPIO_DeInit(GPIOC, GPIO_PIN_7);
 286:Src/stm32f4xx_hal_msp.c **** 
 287:Src/stm32f4xx_hal_msp.c ****   /* USER CODE BEGIN SPI2_MspDeInit 1 */
 288:Src/stm32f4xx_hal_msp.c **** 
 289:Src/stm32f4xx_hal_msp.c ****   /* USER CODE END SPI2_MspDeInit 1 */
 290:Src/stm32f4xx_hal_msp.c ****   }
 291:Src/stm32f4xx_hal_msp.c **** 
 292:Src/stm32f4xx_hal_msp.c **** }
 624              		.loc 1 292 1 view .LVU141
 625 000a 08BD     		pop	{r3, pc}
 626              	.LVL29:
 627              	.L38:
 276:Src/stm32f4xx_hal_msp.c ****   
 628              		.loc 1 276 5 is_stmt 1 view .LVU142
 629 000c 084A     		ldr	r2, .L39+4
 630 000e 136C     		ldr	r3, [r2, #64]
 631 0010 23F48043 		bic	r3, r3, #16384
 632 0014 1364     		str	r3, [r2, #64]
 283:Src/stm32f4xx_hal_msp.c **** 
 633              		.loc 1 283 5 view .LVU143
 634 0016 4FF44041 		mov	r1, #49152
 635 001a 0648     		ldr	r0, .L39+8
 636              	.LVL30:
 283:Src/stm32f4xx_hal_msp.c **** 
 637              		.loc 1 283 5 is_stmt 0 view .LVU144
 638 001c FFF7FEFF 		bl	HAL_GPIO_DeInit
 639              	.LVL31:
 285:Src/stm32f4xx_hal_msp.c **** 
 640              		.loc 1 285 5 is_stmt 1 view .LVU145
 641 0020 8021     		movs	r1, #128
 642 0022 0548     		ldr	r0, .L39+12
 643 0024 FFF7FEFF 		bl	HAL_GPIO_DeInit
 644              	.LVL32:
 645              		.loc 1 292 1 is_stmt 0 view .LVU146
 646 0028 EFE7     		b	.L35
 647              	.L40:
 648 002a 00BF     		.align	2
 649              	.L39:
 650 002c 00380040 		.word	1073756160
 651 0030 00380240 		.word	1073887232
 652 0034 00040240 		.word	1073873920
 653 0038 00080240 		.word	1073874944
 654              		.cfi_endproc
 655              	.LFE136:
 657              		.section	.text.HAL_TIM_PWM_MspInit,"ax",%progbits
 658              		.align	1
 659              		.global	HAL_TIM_PWM_MspInit
 660              		.syntax unified
 661              		.thumb
 662              		.thumb_func
ARM GAS  /tmp/cc0h3PZQ.s 			page 19


 663              		.fpu fpv4-sp-d16
 665              	HAL_TIM_PWM_MspInit:
 666              	.LVL33:
 667              	.LFB137:
 293:Src/stm32f4xx_hal_msp.c **** 
 294:Src/stm32f4xx_hal_msp.c **** /**
 295:Src/stm32f4xx_hal_msp.c **** * @brief TIM_PWM MSP Initialization
 296:Src/stm32f4xx_hal_msp.c **** * This function configures the hardware resources used in this example
 297:Src/stm32f4xx_hal_msp.c **** * @param htim_pwm: TIM_PWM handle pointer
 298:Src/stm32f4xx_hal_msp.c **** * @retval None
 299:Src/stm32f4xx_hal_msp.c **** */
 300:Src/stm32f4xx_hal_msp.c **** void HAL_TIM_PWM_MspInit(TIM_HandleTypeDef* htim_pwm)
 301:Src/stm32f4xx_hal_msp.c **** {
 668              		.loc 1 301 1 is_stmt 1 view -0
 669              		.cfi_startproc
 670              		@ args = 0, pretend = 0, frame = 8
 671              		@ frame_needed = 0, uses_anonymous_args = 0
 302:Src/stm32f4xx_hal_msp.c ****   if(htim_pwm->Instance==TIM3)
 672              		.loc 1 302 3 view .LVU148
 673              		.loc 1 302 14 is_stmt 0 view .LVU149
 674 0000 0268     		ldr	r2, [r0]
 675              		.loc 1 302 5 view .LVU150
 676 0002 1F4B     		ldr	r3, .L50
 677 0004 9A42     		cmp	r2, r3
 678 0006 00D0     		beq	.L48
 679 0008 7047     		bx	lr
 680              	.L48:
 301:Src/stm32f4xx_hal_msp.c ****   if(htim_pwm->Instance==TIM3)
 681              		.loc 1 301 1 view .LVU151
 682 000a 10B5     		push	{r4, lr}
 683              	.LCFI18:
 684              		.cfi_def_cfa_offset 8
 685              		.cfi_offset 4, -8
 686              		.cfi_offset 14, -4
 687 000c 82B0     		sub	sp, sp, #8
 688              	.LCFI19:
 689              		.cfi_def_cfa_offset 16
 690 000e 0446     		mov	r4, r0
 303:Src/stm32f4xx_hal_msp.c ****   {
 304:Src/stm32f4xx_hal_msp.c ****   /* USER CODE BEGIN TIM3_MspInit 0 */
 305:Src/stm32f4xx_hal_msp.c **** 
 306:Src/stm32f4xx_hal_msp.c ****   /* USER CODE END TIM3_MspInit 0 */
 307:Src/stm32f4xx_hal_msp.c ****     /* Peripheral clock enable */
 308:Src/stm32f4xx_hal_msp.c ****     __HAL_RCC_TIM3_CLK_ENABLE();
 691              		.loc 1 308 5 is_stmt 1 view .LVU152
 692              	.LBB11:
 693              		.loc 1 308 5 view .LVU153
 694 0010 0023     		movs	r3, #0
 695 0012 0193     		str	r3, [sp, #4]
 696              		.loc 1 308 5 view .LVU154
 697 0014 1B4A     		ldr	r2, .L50+4
 698 0016 116C     		ldr	r1, [r2, #64]
 699 0018 41F00201 		orr	r1, r1, #2
 700 001c 1164     		str	r1, [r2, #64]
 701              		.loc 1 308 5 view .LVU155
 702 001e 126C     		ldr	r2, [r2, #64]
 703 0020 02F00202 		and	r2, r2, #2
ARM GAS  /tmp/cc0h3PZQ.s 			page 20


 704 0024 0192     		str	r2, [sp, #4]
 705              		.loc 1 308 5 view .LVU156
 706 0026 019A     		ldr	r2, [sp, #4]
 707              	.LBE11:
 309:Src/stm32f4xx_hal_msp.c ****   
 310:Src/stm32f4xx_hal_msp.c ****     /* TIM3 DMA Init */
 311:Src/stm32f4xx_hal_msp.c ****     /* TIM3_CH4_UP Init */
 312:Src/stm32f4xx_hal_msp.c ****     hdma_tim3_ch4_up.Instance = DMA1_Stream2;
 708              		.loc 1 312 5 view .LVU157
 709              		.loc 1 312 31 is_stmt 0 view .LVU158
 710 0028 1748     		ldr	r0, .L50+8
 711              	.LVL34:
 712              		.loc 1 312 31 view .LVU159
 713 002a 184A     		ldr	r2, .L50+12
 714 002c 0260     		str	r2, [r0]
 313:Src/stm32f4xx_hal_msp.c ****     hdma_tim3_ch4_up.Init.Channel = DMA_CHANNEL_5;
 715              		.loc 1 313 5 is_stmt 1 view .LVU160
 716              		.loc 1 313 35 is_stmt 0 view .LVU161
 717 002e 4FF02062 		mov	r2, #167772160
 718 0032 4260     		str	r2, [r0, #4]
 314:Src/stm32f4xx_hal_msp.c ****     hdma_tim3_ch4_up.Init.Direction = DMA_MEMORY_TO_PERIPH;
 719              		.loc 1 314 5 is_stmt 1 view .LVU162
 720              		.loc 1 314 37 is_stmt 0 view .LVU163
 721 0034 4022     		movs	r2, #64
 722 0036 8260     		str	r2, [r0, #8]
 315:Src/stm32f4xx_hal_msp.c ****     hdma_tim3_ch4_up.Init.PeriphInc = DMA_PINC_DISABLE;
 723              		.loc 1 315 5 is_stmt 1 view .LVU164
 724              		.loc 1 315 37 is_stmt 0 view .LVU165
 725 0038 C360     		str	r3, [r0, #12]
 316:Src/stm32f4xx_hal_msp.c ****     hdma_tim3_ch4_up.Init.MemInc = DMA_MINC_ENABLE;
 726              		.loc 1 316 5 is_stmt 1 view .LVU166
 727              		.loc 1 316 34 is_stmt 0 view .LVU167
 728 003a 4FF48062 		mov	r2, #1024
 729 003e 0261     		str	r2, [r0, #16]
 317:Src/stm32f4xx_hal_msp.c ****     hdma_tim3_ch4_up.Init.PeriphDataAlignment = DMA_PDATAALIGN_WORD;
 730              		.loc 1 317 5 is_stmt 1 view .LVU168
 731              		.loc 1 317 47 is_stmt 0 view .LVU169
 732 0040 4FF48052 		mov	r2, #4096
 733 0044 4261     		str	r2, [r0, #20]
 318:Src/stm32f4xx_hal_msp.c ****     hdma_tim3_ch4_up.Init.MemDataAlignment = DMA_MDATAALIGN_WORD;
 734              		.loc 1 318 5 is_stmt 1 view .LVU170
 735              		.loc 1 318 44 is_stmt 0 view .LVU171
 736 0046 4FF48042 		mov	r2, #16384
 737 004a 8261     		str	r2, [r0, #24]
 319:Src/stm32f4xx_hal_msp.c ****     hdma_tim3_ch4_up.Init.Mode = DMA_CIRCULAR;
 738              		.loc 1 319 5 is_stmt 1 view .LVU172
 739              		.loc 1 319 32 is_stmt 0 view .LVU173
 740 004c 4FF48072 		mov	r2, #256
 741 0050 C261     		str	r2, [r0, #28]
 320:Src/stm32f4xx_hal_msp.c ****     hdma_tim3_ch4_up.Init.Priority = DMA_PRIORITY_LOW;
 742              		.loc 1 320 5 is_stmt 1 view .LVU174
 743              		.loc 1 320 36 is_stmt 0 view .LVU175
 744 0052 0362     		str	r3, [r0, #32]
 321:Src/stm32f4xx_hal_msp.c ****     hdma_tim3_ch4_up.Init.FIFOMode = DMA_FIFOMODE_DISABLE;
 745              		.loc 1 321 5 is_stmt 1 view .LVU176
 746              		.loc 1 321 36 is_stmt 0 view .LVU177
 747 0054 4362     		str	r3, [r0, #36]
ARM GAS  /tmp/cc0h3PZQ.s 			page 21


 322:Src/stm32f4xx_hal_msp.c ****     if (HAL_DMA_Init(&hdma_tim3_ch4_up) != HAL_OK)
 748              		.loc 1 322 5 is_stmt 1 view .LVU178
 749              		.loc 1 322 9 is_stmt 0 view .LVU179
 750 0056 FFF7FEFF 		bl	HAL_DMA_Init
 751              	.LVL35:
 752              		.loc 1 322 8 view .LVU180
 753 005a 68B9     		cbnz	r0, .L49
 754              	.L43:
 323:Src/stm32f4xx_hal_msp.c ****     {
 324:Src/stm32f4xx_hal_msp.c ****       Error_Handler();
 325:Src/stm32f4xx_hal_msp.c ****     }
 326:Src/stm32f4xx_hal_msp.c **** 
 327:Src/stm32f4xx_hal_msp.c ****     /* Several peripheral DMA handle pointers point to the same DMA handle.
 328:Src/stm32f4xx_hal_msp.c ****      Be aware that there is only one stream to perform all the requested DMAs. */
 329:Src/stm32f4xx_hal_msp.c ****     __HAL_LINKDMA(htim_pwm,hdma[TIM_DMA_ID_CC4],hdma_tim3_ch4_up);
 755              		.loc 1 329 5 is_stmt 1 view .LVU181
 756              		.loc 1 329 5 view .LVU182
 757 005c 0A4B     		ldr	r3, .L50+8
 758 005e 2363     		str	r3, [r4, #48]
 759              		.loc 1 329 5 view .LVU183
 330:Src/stm32f4xx_hal_msp.c ****     __HAL_LINKDMA(htim_pwm,hdma[TIM_DMA_ID_UPDATE],hdma_tim3_ch4_up);
 760              		.loc 1 330 5 view .LVU184
 761              		.loc 1 330 5 view .LVU185
 762 0060 2362     		str	r3, [r4, #32]
 763              		.loc 1 330 5 view .LVU186
 764 0062 9C63     		str	r4, [r3, #56]
 331:Src/stm32f4xx_hal_msp.c **** 
 332:Src/stm32f4xx_hal_msp.c ****     /* TIM3 interrupt Init */
 333:Src/stm32f4xx_hal_msp.c ****     HAL_NVIC_SetPriority(TIM3_IRQn, 5, 0);
 765              		.loc 1 333 5 view .LVU187
 766 0064 0022     		movs	r2, #0
 767 0066 0521     		movs	r1, #5
 768 0068 1D20     		movs	r0, #29
 769 006a FFF7FEFF 		bl	HAL_NVIC_SetPriority
 770              	.LVL36:
 334:Src/stm32f4xx_hal_msp.c ****     HAL_NVIC_EnableIRQ(TIM3_IRQn);
 771              		.loc 1 334 5 view .LVU188
 772 006e 1D20     		movs	r0, #29
 773 0070 FFF7FEFF 		bl	HAL_NVIC_EnableIRQ
 774              	.LVL37:
 335:Src/stm32f4xx_hal_msp.c ****   /* USER CODE BEGIN TIM3_MspInit 1 */
 336:Src/stm32f4xx_hal_msp.c **** 
 337:Src/stm32f4xx_hal_msp.c ****   /* USER CODE END TIM3_MspInit 1 */
 338:Src/stm32f4xx_hal_msp.c ****   }
 339:Src/stm32f4xx_hal_msp.c **** 
 340:Src/stm32f4xx_hal_msp.c **** }
 775              		.loc 1 340 1 is_stmt 0 view .LVU189
 776 0074 02B0     		add	sp, sp, #8
 777              	.LCFI20:
 778              		.cfi_remember_state
 779              		.cfi_def_cfa_offset 8
 780              		@ sp needed
 781 0076 10BD     		pop	{r4, pc}
 782              	.LVL38:
 783              	.L49:
 784              	.LCFI21:
 785              		.cfi_restore_state
ARM GAS  /tmp/cc0h3PZQ.s 			page 22


 324:Src/stm32f4xx_hal_msp.c ****     }
 786              		.loc 1 324 7 is_stmt 1 view .LVU190
 787 0078 FFF7FEFF 		bl	Error_Handler
 788              	.LVL39:
 789 007c EEE7     		b	.L43
 790              	.L51:
 791 007e 00BF     		.align	2
 792              	.L50:
 793 0080 00040040 		.word	1073742848
 794 0084 00380240 		.word	1073887232
 795 0088 00000000 		.word	hdma_tim3_ch4_up
 796 008c 40600240 		.word	1073897536
 797              		.cfi_endproc
 798              	.LFE137:
 800              		.section	.text.HAL_TIM_MspPostInit,"ax",%progbits
 801              		.align	1
 802              		.global	HAL_TIM_MspPostInit
 803              		.syntax unified
 804              		.thumb
 805              		.thumb_func
 806              		.fpu fpv4-sp-d16
 808              	HAL_TIM_MspPostInit:
 809              	.LVL40:
 810              	.LFB138:
 341:Src/stm32f4xx_hal_msp.c **** 
 342:Src/stm32f4xx_hal_msp.c **** void HAL_TIM_MspPostInit(TIM_HandleTypeDef* htim)
 343:Src/stm32f4xx_hal_msp.c **** {
 811              		.loc 1 343 1 view -0
 812              		.cfi_startproc
 813              		@ args = 0, pretend = 0, frame = 24
 814              		@ frame_needed = 0, uses_anonymous_args = 0
 815              		.loc 1 343 1 is_stmt 0 view .LVU192
 816 0000 00B5     		push	{lr}
 817              	.LCFI22:
 818              		.cfi_def_cfa_offset 4
 819              		.cfi_offset 14, -4
 820 0002 87B0     		sub	sp, sp, #28
 821              	.LCFI23:
 822              		.cfi_def_cfa_offset 32
 344:Src/stm32f4xx_hal_msp.c ****   GPIO_InitTypeDef GPIO_InitStruct = {0};
 823              		.loc 1 344 3 is_stmt 1 view .LVU193
 824              		.loc 1 344 20 is_stmt 0 view .LVU194
 825 0004 0023     		movs	r3, #0
 826 0006 0193     		str	r3, [sp, #4]
 827 0008 0293     		str	r3, [sp, #8]
 828 000a 0393     		str	r3, [sp, #12]
 829 000c 0493     		str	r3, [sp, #16]
 830 000e 0593     		str	r3, [sp, #20]
 345:Src/stm32f4xx_hal_msp.c ****   if(htim->Instance==TIM3)
 831              		.loc 1 345 3 is_stmt 1 view .LVU195
 832              		.loc 1 345 10 is_stmt 0 view .LVU196
 833 0010 0268     		ldr	r2, [r0]
 834              		.loc 1 345 5 view .LVU197
 835 0012 0D4B     		ldr	r3, .L56
 836 0014 9A42     		cmp	r2, r3
 837 0016 02D0     		beq	.L55
 838              	.LVL41:
ARM GAS  /tmp/cc0h3PZQ.s 			page 23


 839              	.L52:
 346:Src/stm32f4xx_hal_msp.c ****   {
 347:Src/stm32f4xx_hal_msp.c ****   /* USER CODE BEGIN TIM3_MspPostInit 0 */
 348:Src/stm32f4xx_hal_msp.c **** 
 349:Src/stm32f4xx_hal_msp.c ****   /* USER CODE END TIM3_MspPostInit 0 */
 350:Src/stm32f4xx_hal_msp.c ****   
 351:Src/stm32f4xx_hal_msp.c ****     __HAL_RCC_GPIOB_CLK_ENABLE();
 352:Src/stm32f4xx_hal_msp.c ****     /**TIM3 GPIO Configuration    
 353:Src/stm32f4xx_hal_msp.c ****     PB1     ------> TIM3_CH4 
 354:Src/stm32f4xx_hal_msp.c ****     */
 355:Src/stm32f4xx_hal_msp.c ****     GPIO_InitStruct.Pin = GPIO_PIN_1;
 356:Src/stm32f4xx_hal_msp.c ****     GPIO_InitStruct.Mode = GPIO_MODE_AF_PP;
 357:Src/stm32f4xx_hal_msp.c ****     GPIO_InitStruct.Pull = GPIO_NOPULL;
 358:Src/stm32f4xx_hal_msp.c ****     GPIO_InitStruct.Speed = GPIO_SPEED_FREQ_LOW;
 359:Src/stm32f4xx_hal_msp.c ****     GPIO_InitStruct.Alternate = GPIO_AF2_TIM3;
 360:Src/stm32f4xx_hal_msp.c ****     HAL_GPIO_Init(GPIOB, &GPIO_InitStruct);
 361:Src/stm32f4xx_hal_msp.c **** 
 362:Src/stm32f4xx_hal_msp.c ****   /* USER CODE BEGIN TIM3_MspPostInit 1 */
 363:Src/stm32f4xx_hal_msp.c **** 
 364:Src/stm32f4xx_hal_msp.c ****   /* USER CODE END TIM3_MspPostInit 1 */
 365:Src/stm32f4xx_hal_msp.c ****   }
 366:Src/stm32f4xx_hal_msp.c **** 
 367:Src/stm32f4xx_hal_msp.c **** }
 840              		.loc 1 367 1 view .LVU198
 841 0018 07B0     		add	sp, sp, #28
 842              	.LCFI24:
 843              		.cfi_remember_state
 844              		.cfi_def_cfa_offset 4
 845              		@ sp needed
 846 001a 5DF804FB 		ldr	pc, [sp], #4
 847              	.LVL42:
 848              	.L55:
 849              	.LCFI25:
 850              		.cfi_restore_state
 351:Src/stm32f4xx_hal_msp.c ****     /**TIM3 GPIO Configuration    
 851              		.loc 1 351 5 is_stmt 1 view .LVU199
 852              	.LBB12:
 351:Src/stm32f4xx_hal_msp.c ****     /**TIM3 GPIO Configuration    
 853              		.loc 1 351 5 view .LVU200
 854 001e 0023     		movs	r3, #0
 855 0020 0093     		str	r3, [sp]
 351:Src/stm32f4xx_hal_msp.c ****     /**TIM3 GPIO Configuration    
 856              		.loc 1 351 5 view .LVU201
 857 0022 0A4B     		ldr	r3, .L56+4
 858 0024 1A6B     		ldr	r2, [r3, #48]
 859 0026 42F00202 		orr	r2, r2, #2
 860 002a 1A63     		str	r2, [r3, #48]
 351:Src/stm32f4xx_hal_msp.c ****     /**TIM3 GPIO Configuration    
 861              		.loc 1 351 5 view .LVU202
 862 002c 1B6B     		ldr	r3, [r3, #48]
 863 002e 03F00203 		and	r3, r3, #2
 864 0032 0093     		str	r3, [sp]
 351:Src/stm32f4xx_hal_msp.c ****     /**TIM3 GPIO Configuration    
 865              		.loc 1 351 5 view .LVU203
 866 0034 009B     		ldr	r3, [sp]
 867              	.LBE12:
 355:Src/stm32f4xx_hal_msp.c ****     GPIO_InitStruct.Mode = GPIO_MODE_AF_PP;
ARM GAS  /tmp/cc0h3PZQ.s 			page 24


 868              		.loc 1 355 5 view .LVU204
 355:Src/stm32f4xx_hal_msp.c ****     GPIO_InitStruct.Mode = GPIO_MODE_AF_PP;
 869              		.loc 1 355 25 is_stmt 0 view .LVU205
 870 0036 0223     		movs	r3, #2
 871 0038 0193     		str	r3, [sp, #4]
 356:Src/stm32f4xx_hal_msp.c ****     GPIO_InitStruct.Pull = GPIO_NOPULL;
 872              		.loc 1 356 5 is_stmt 1 view .LVU206
 356:Src/stm32f4xx_hal_msp.c ****     GPIO_InitStruct.Pull = GPIO_NOPULL;
 873              		.loc 1 356 26 is_stmt 0 view .LVU207
 874 003a 0293     		str	r3, [sp, #8]
 357:Src/stm32f4xx_hal_msp.c ****     GPIO_InitStruct.Speed = GPIO_SPEED_FREQ_LOW;
 875              		.loc 1 357 5 is_stmt 1 view .LVU208
 358:Src/stm32f4xx_hal_msp.c ****     GPIO_InitStruct.Alternate = GPIO_AF2_TIM3;
 876              		.loc 1 358 5 view .LVU209
 359:Src/stm32f4xx_hal_msp.c ****     HAL_GPIO_Init(GPIOB, &GPIO_InitStruct);
 877              		.loc 1 359 5 view .LVU210
 359:Src/stm32f4xx_hal_msp.c ****     HAL_GPIO_Init(GPIOB, &GPIO_InitStruct);
 878              		.loc 1 359 31 is_stmt 0 view .LVU211
 879 003c 0593     		str	r3, [sp, #20]
 360:Src/stm32f4xx_hal_msp.c **** 
 880              		.loc 1 360 5 is_stmt 1 view .LVU212
 881 003e 01A9     		add	r1, sp, #4
 882 0040 0348     		ldr	r0, .L56+8
 883              	.LVL43:
 360:Src/stm32f4xx_hal_msp.c **** 
 884              		.loc 1 360 5 is_stmt 0 view .LVU213
 885 0042 FFF7FEFF 		bl	HAL_GPIO_Init
 886              	.LVL44:
 887              		.loc 1 367 1 view .LVU214
 888 0046 E7E7     		b	.L52
 889              	.L57:
 890              		.align	2
 891              	.L56:
 892 0048 00040040 		.word	1073742848
 893 004c 00380240 		.word	1073887232
 894 0050 00040240 		.word	1073873920
 895              		.cfi_endproc
 896              	.LFE138:
 898              		.section	.text.HAL_TIM_PWM_MspDeInit,"ax",%progbits
 899              		.align	1
 900              		.global	HAL_TIM_PWM_MspDeInit
 901              		.syntax unified
 902              		.thumb
 903              		.thumb_func
 904              		.fpu fpv4-sp-d16
 906              	HAL_TIM_PWM_MspDeInit:
 907              	.LVL45:
 908              	.LFB139:
 368:Src/stm32f4xx_hal_msp.c **** /**
 369:Src/stm32f4xx_hal_msp.c **** * @brief TIM_PWM MSP De-Initialization
 370:Src/stm32f4xx_hal_msp.c **** * This function freeze the hardware resources used in this example
 371:Src/stm32f4xx_hal_msp.c **** * @param htim_pwm: TIM_PWM handle pointer
 372:Src/stm32f4xx_hal_msp.c **** * @retval None
 373:Src/stm32f4xx_hal_msp.c **** */
 374:Src/stm32f4xx_hal_msp.c **** void HAL_TIM_PWM_MspDeInit(TIM_HandleTypeDef* htim_pwm)
 375:Src/stm32f4xx_hal_msp.c **** {
 909              		.loc 1 375 1 is_stmt 1 view -0
ARM GAS  /tmp/cc0h3PZQ.s 			page 25


 910              		.cfi_startproc
 911              		@ args = 0, pretend = 0, frame = 0
 912              		@ frame_needed = 0, uses_anonymous_args = 0
 376:Src/stm32f4xx_hal_msp.c ****   if(htim_pwm->Instance==TIM3)
 913              		.loc 1 376 3 view .LVU216
 914              		.loc 1 376 14 is_stmt 0 view .LVU217
 915 0000 0268     		ldr	r2, [r0]
 916              		.loc 1 376 5 view .LVU218
 917 0002 0A4B     		ldr	r3, .L65
 918 0004 9A42     		cmp	r2, r3
 919 0006 00D0     		beq	.L64
 920 0008 7047     		bx	lr
 921              	.L64:
 375:Src/stm32f4xx_hal_msp.c ****   if(htim_pwm->Instance==TIM3)
 922              		.loc 1 375 1 view .LVU219
 923 000a 10B5     		push	{r4, lr}
 924              	.LCFI26:
 925              		.cfi_def_cfa_offset 8
 926              		.cfi_offset 4, -8
 927              		.cfi_offset 14, -4
 928 000c 0446     		mov	r4, r0
 377:Src/stm32f4xx_hal_msp.c ****   {
 378:Src/stm32f4xx_hal_msp.c ****   /* USER CODE BEGIN TIM3_MspDeInit 0 */
 379:Src/stm32f4xx_hal_msp.c **** 
 380:Src/stm32f4xx_hal_msp.c ****   /* USER CODE END TIM3_MspDeInit 0 */
 381:Src/stm32f4xx_hal_msp.c ****     /* Peripheral clock disable */
 382:Src/stm32f4xx_hal_msp.c ****     __HAL_RCC_TIM3_CLK_DISABLE();
 929              		.loc 1 382 5 is_stmt 1 view .LVU220
 930 000e 084A     		ldr	r2, .L65+4
 931 0010 136C     		ldr	r3, [r2, #64]
 932 0012 23F00203 		bic	r3, r3, #2
 933 0016 1364     		str	r3, [r2, #64]
 383:Src/stm32f4xx_hal_msp.c **** 
 384:Src/stm32f4xx_hal_msp.c ****     /* TIM3 DMA DeInit */
 385:Src/stm32f4xx_hal_msp.c ****     HAL_DMA_DeInit(htim_pwm->hdma[TIM_DMA_ID_CC4]);
 934              		.loc 1 385 5 view .LVU221
 935 0018 006B     		ldr	r0, [r0, #48]
 936              	.LVL46:
 937              		.loc 1 385 5 is_stmt 0 view .LVU222
 938 001a FFF7FEFF 		bl	HAL_DMA_DeInit
 939              	.LVL47:
 386:Src/stm32f4xx_hal_msp.c ****     HAL_DMA_DeInit(htim_pwm->hdma[TIM_DMA_ID_UPDATE]);
 940              		.loc 1 386 5 is_stmt 1 view .LVU223
 941 001e 206A     		ldr	r0, [r4, #32]
 942 0020 FFF7FEFF 		bl	HAL_DMA_DeInit
 943              	.LVL48:
 387:Src/stm32f4xx_hal_msp.c **** 
 388:Src/stm32f4xx_hal_msp.c ****     /* TIM3 interrupt DeInit */
 389:Src/stm32f4xx_hal_msp.c ****     HAL_NVIC_DisableIRQ(TIM3_IRQn);
 944              		.loc 1 389 5 view .LVU224
 945 0024 1D20     		movs	r0, #29
 946 0026 FFF7FEFF 		bl	HAL_NVIC_DisableIRQ
 947              	.LVL49:
 390:Src/stm32f4xx_hal_msp.c ****   /* USER CODE BEGIN TIM3_MspDeInit 1 */
 391:Src/stm32f4xx_hal_msp.c **** 
 392:Src/stm32f4xx_hal_msp.c ****   /* USER CODE END TIM3_MspDeInit 1 */
 393:Src/stm32f4xx_hal_msp.c ****   }
ARM GAS  /tmp/cc0h3PZQ.s 			page 26


 394:Src/stm32f4xx_hal_msp.c **** 
 395:Src/stm32f4xx_hal_msp.c **** }
 948              		.loc 1 395 1 is_stmt 0 view .LVU225
 949 002a 10BD     		pop	{r4, pc}
 950              	.LVL50:
 951              	.L66:
 952              		.loc 1 395 1 view .LVU226
 953              		.align	2
 954              	.L65:
 955 002c 00040040 		.word	1073742848
 956 0030 00380240 		.word	1073887232
 957              		.cfi_endproc
 958              	.LFE139:
 960              		.text
 961              	.Letext0:
 962              		.file 2 "/usr/arm-none-eabi/include/machine/_default_types.h"
 963              		.file 3 "/usr/arm-none-eabi/include/sys/_stdint.h"
 964              		.file 4 "Drivers/CMSIS/Include/core_cm4.h"
 965              		.file 5 "Drivers/CMSIS/Device/ST/STM32F4xx/Include/system_stm32f4xx.h"
 966              		.file 6 "Drivers/CMSIS/Device/ST/STM32F4xx/Include/stm32f411xe.h"
 967              		.file 7 "Drivers/CMSIS/Device/ST/STM32F4xx/Include/stm32f4xx.h"
 968              		.file 8 "Drivers/STM32F4xx_HAL_Driver/Inc/stm32f4xx_hal_def.h"
 969              		.file 9 "Drivers/STM32F4xx_HAL_Driver/Inc/stm32f4xx_hal_gpio.h"
 970              		.file 10 "Drivers/STM32F4xx_HAL_Driver/Inc/stm32f4xx_hal_dma.h"
 971              		.file 11 "Drivers/STM32F4xx_HAL_Driver/Inc/stm32f4xx_hal_adc.h"
 972              		.file 12 "Drivers/STM32F4xx_HAL_Driver/Inc/stm32f4xx_hal_i2c.h"
 973              		.file 13 "Drivers/STM32F4xx_HAL_Driver/Inc/stm32f4xx_hal_spi.h"
 974              		.file 14 "Drivers/STM32F4xx_HAL_Driver/Inc/stm32f4xx_hal_tim.h"
 975              		.file 15 "Drivers/STM32F4xx_HAL_Driver/Inc/stm32f4xx_hal_cortex.h"
 976              		.file 16 "Inc/main.h"
ARM GAS  /tmp/cc0h3PZQ.s 			page 27


DEFINED SYMBOLS
                            *ABS*:0000000000000000 stm32f4xx_hal_msp.c
     /tmp/cc0h3PZQ.s:18     .text.HAL_MspInit:0000000000000000 $t
     /tmp/cc0h3PZQ.s:26     .text.HAL_MspInit:0000000000000000 HAL_MspInit
     /tmp/cc0h3PZQ.s:86     .text.HAL_MspInit:0000000000000040 $d
     /tmp/cc0h3PZQ.s:91     .text.HAL_ADC_MspInit:0000000000000000 $t
     /tmp/cc0h3PZQ.s:98     .text.HAL_ADC_MspInit:0000000000000000 HAL_ADC_MspInit
     /tmp/cc0h3PZQ.s:195    .text.HAL_ADC_MspInit:0000000000000064 $d
     /tmp/cc0h3PZQ.s:200    .text.HAL_ADC_MspDeInit:0000000000000000 $t
     /tmp/cc0h3PZQ.s:207    .text.HAL_ADC_MspDeInit:0000000000000000 HAL_ADC_MspDeInit
     /tmp/cc0h3PZQ.s:250    .text.HAL_ADC_MspDeInit:0000000000000020 $d
     /tmp/cc0h3PZQ.s:257    .text.HAL_I2C_MspInit:0000000000000000 $t
     /tmp/cc0h3PZQ.s:264    .text.HAL_I2C_MspInit:0000000000000000 HAL_I2C_MspInit
     /tmp/cc0h3PZQ.s:373    .text.HAL_I2C_MspInit:0000000000000068 $d
     /tmp/cc0h3PZQ.s:380    .text.HAL_I2C_MspDeInit:0000000000000000 $t
     /tmp/cc0h3PZQ.s:387    .text.HAL_I2C_MspDeInit:0000000000000000 HAL_I2C_MspDeInit
     /tmp/cc0h3PZQ.s:430    .text.HAL_I2C_MspDeInit:0000000000000020 $d
     /tmp/cc0h3PZQ.s:437    .text.HAL_SPI_MspInit:0000000000000000 $t
     /tmp/cc0h3PZQ.s:444    .text.HAL_SPI_MspInit:0000000000000000 HAL_SPI_MspInit
     /tmp/cc0h3PZQ.s:588    .text.HAL_SPI_MspInit:0000000000000090 $d
     /tmp/cc0h3PZQ.s:595    .text.HAL_SPI_MspDeInit:0000000000000000 $t
     /tmp/cc0h3PZQ.s:602    .text.HAL_SPI_MspDeInit:0000000000000000 HAL_SPI_MspDeInit
     /tmp/cc0h3PZQ.s:650    .text.HAL_SPI_MspDeInit:000000000000002c $d
     /tmp/cc0h3PZQ.s:658    .text.HAL_TIM_PWM_MspInit:0000000000000000 $t
     /tmp/cc0h3PZQ.s:665    .text.HAL_TIM_PWM_MspInit:0000000000000000 HAL_TIM_PWM_MspInit
     /tmp/cc0h3PZQ.s:793    .text.HAL_TIM_PWM_MspInit:0000000000000080 $d
     /tmp/cc0h3PZQ.s:801    .text.HAL_TIM_MspPostInit:0000000000000000 $t
     /tmp/cc0h3PZQ.s:808    .text.HAL_TIM_MspPostInit:0000000000000000 HAL_TIM_MspPostInit
     /tmp/cc0h3PZQ.s:892    .text.HAL_TIM_MspPostInit:0000000000000048 $d
     /tmp/cc0h3PZQ.s:899    .text.HAL_TIM_PWM_MspDeInit:0000000000000000 $t
     /tmp/cc0h3PZQ.s:906    .text.HAL_TIM_PWM_MspDeInit:0000000000000000 HAL_TIM_PWM_MspDeInit
     /tmp/cc0h3PZQ.s:955    .text.HAL_TIM_PWM_MspDeInit:000000000000002c $d

UNDEFINED SYMBOLS
HAL_NVIC_SetPriority
HAL_GPIO_Init
HAL_GPIO_DeInit
HAL_DMA_Init
HAL_NVIC_EnableIRQ
Error_Handler
hdma_tim3_ch4_up
HAL_DMA_DeInit
HAL_NVIC_DisableIRQ
